#
# There is insufficient memory for the Java Runtime Environment to continue.
# Native memory allocation (mmap) failed to map 47185920 bytes for Failed to commit area from 0x000000072f000000 to 0x0000000731d00000 of length 47185920.
# Possible reasons:
#   The system is out of physical RAM or swap space
#   The process is running with CompressedOops enabled, and the Java Heap may be blocking the growth of the native heap
# Possible solutions:
#   Reduce memory load on the system
#   Increase physical memory or swap space
#   Check if swap backing store is full
#   Decrease Java heap size (-Xmx/-Xms)
#   Decrease number of Java threads
#   Decrease Java thread stack sizes (-Xss)
#   Set larger code cache with -XX:ReservedCodeCacheSize=
#   JVM is running with Zero Based Compressed Oops mode in which the Java heap is
#     placed in the first 32GB address space. The Java Heap base address is the
#     maximum limit for the native heap growth. Please use -XX:HeapBaseMinAddress
#     to set the Java Heap base and to place the Java Heap above 32GB virtual address.
# This output file may be truncated or incomplete.
#
#  Out of Memory Error (./src/hotspot/os/windows/os_windows.cpp:3390), pid=12956, tid=15784
#
# JRE version: OpenJDK Runtime Environment Corretto-11.0.15.9.1 (11.0.15+9) (build 11.0.15+9-LTS)
# Java VM: OpenJDK 64-Bit Server VM Corretto-11.0.15.9.1 (11.0.15+9-LTS, mixed mode, tiered, compressed oops, g1 gc, windows-amd64)
# No core dump will be written. Minidumps are not enabled by default on client versions of Windows
#

---------------  S U M M A R Y ------------

Command Line: -XX:TieredStopAtLevel=1 -Xverify:none -Dspring.output.ansi.enabled=always -Dcom.sun.management.jmxremote -Dspring.jmx.enabled=true -Dspring.liveBeansView.mbeanDomain -Dspring.application.admin.enabled=true -javaagent:S:\AppPrograming\IntelliJ\IntelliJ IDEA 2022.1.1\lib\idea_rt.jar=53985:S:\AppPrograming\IntelliJ\IntelliJ IDEA 2022.1.1\bin -Dfile.encoding=UTF-8 com.co.ias.Handyman.HandymanApplication

Host: AMD Ryzen 3 3200G with Radeon Vega Graphics    , 4 cores, 13G,  Windows 10 , 64 bit Build 19041 (10.0.19041.1706)
Time: Mon May 23 04:50:45 2022 Hora est. Pacífico, Sudamérica elapsed time: 2.689121 seconds (0d 0h 0m 2s)

---------------  T H R E A D  ---------------

Current thread (0x0000016770ff1800):  VMThread "VM Thread" [stack: 0x0000003c60600000,0x0000003c60700000] [id=15784]

Stack: [0x0000003c60600000,0x0000003c60700000]
[error occurred during error reporting (printing stack bounds), id 0xc0000005, EXCEPTION_ACCESS_VIOLATION (0xc0000005) at pc=0x0000016756e2112d]

Native frames: (J=compiled Java code, j=interpreted, Vv=VM code, C=native code)
V  [jvm.dll+0x61e7ba]
V  [jvm.dll+0x7ab749]
V  [jvm.dll+0x7ace38]
V  [jvm.dll+0x7ad475]
V  [jvm.dll+0x7ad42b]
V  [jvm.dll+0x61db47]
V  [jvm.dll+0x61e258]
C  [ntdll.dll+0xa209f]
C  [ntdll.dll+0x51454]
C  [ntdll.dll+0xa0bce]
C  0x0000016756e2112d

VM_Operation (0x0000003c617f99d0): CollectForMetadataAllocation, mode: safepoint, requested by thread 0x0000016771bde000


---------------  P R O C E S S  ---------------

Threads class SMR info:
_java_thread_list=0x0000016773275ae0, length=18, elements={
0x000001674e6ca800, 0x0000016771027000, 0x0000016771031000, 0x0000016771021000,
0x0000016771022000, 0x0000016771075800, 0x000001677107d000, 0x0000016771083000,
0x00000167707a9000, 0x0000016771605000, 0x00000167717c2000, 0x0000016771c60800,
0x0000016771bde000, 0x0000016772a95000, 0x0000016772abf800, 0x0000016773276800,
0x0000016773277000, 0x0000016773278000
}

Java Threads: ( => current thread )
  0x000001674e6ca800 JavaThread "main" [_thread_blocked, id=1280, stack(0x0000003c60000000,0x0000003c60100000)]
  0x0000016771027000 JavaThread "Reference Handler" daemon [_thread_blocked, id=11040, stack(0x0000003c60700000,0x0000003c60800000)]
  0x0000016771031000 JavaThread "Finalizer" daemon [_thread_blocked, id=16080, stack(0x0000003c60800000,0x0000003c60900000)]
  0x0000016771021000 JavaThread "Signal Dispatcher" daemon [_thread_blocked, id=14728, stack(0x0000003c60900000,0x0000003c60a00000)]
  0x0000016771022000 JavaThread "Attach Listener" daemon [_thread_blocked, id=4520, stack(0x0000003c60a00000,0x0000003c60b00000)]
  0x0000016771075800 JavaThread "Service Thread" daemon [_thread_blocked, id=8200, stack(0x0000003c60b00000,0x0000003c60c00000)]
  0x000001677107d000 JavaThread "C1 CompilerThread0" daemon [_thread_blocked, id=12164, stack(0x0000003c60c00000,0x0000003c60d00000)]
  0x0000016771083000 JavaThread "Sweeper thread" daemon [_thread_blocked, id=9752, stack(0x0000003c60d00000,0x0000003c60e00000)]
  0x00000167707a9000 JavaThread "Common-Cleaner" daemon [_thread_blocked, id=14232, stack(0x0000003c60e00000,0x0000003c60f00000)]
  0x0000016771605000 JavaThread "Monitor Ctrl-Break" daemon [_thread_in_native, id=8964, stack(0x0000003c60f00000,0x0000003c61000000)]
  0x00000167717c2000 JavaThread "RMI TCP Accept-0" daemon [_thread_in_native, id=6192, stack(0x0000003c61000000,0x0000003c61100000)]
  0x0000016771c60800 JavaThread "Thread-0" [_thread_blocked, id=2380, stack(0x0000003c61600000,0x0000003c61700000)]
  0x0000016771bde000 JavaThread "restartedMain" [_thread_blocked, id=16120, stack(0x0000003c61700000,0x0000003c61800000)]
  0x0000016772a95000 JavaThread "RMI TCP Connection(1)-192.168.0.6" daemon [_thread_in_native, id=2348, stack(0x0000003c61800000,0x0000003c61900000)]
  0x0000016772abf800 JavaThread "RMI Scheduler(0)" daemon [_thread_blocked, id=8692, stack(0x0000003c61a00000,0x0000003c61b00000)]
  0x0000016773276800 JavaThread "Catalina-utility-1" [_thread_blocked, id=11644, stack(0x0000003c61900000,0x0000003c61a00000)]
  0x0000016773277000 JavaThread "Catalina-utility-2" [_thread_blocked, id=14428, stack(0x0000003c61b00000,0x0000003c61c00000)]
  0x0000016773278000 JavaThread "container-0" [_thread_blocked, id=14084, stack(0x0000003c61c00000,0x0000003c61d00000)]

Other Threads:
=>0x0000016770ff1800 VMThread "VM Thread" [stack: 0x0000003c60600000,0x0000003c60700000] [id=15784]
  0x00000167717be800 WatcherThread [stack: 0x0000003c61100000,0x0000003c61200000] [id=15888]
  0x000001674e6e5000 GCTaskThread "GC Thread#0" [stack: 0x0000003c60100000,0x0000003c60200000] [id=9496]
  0x00000167718e9800 GCTaskThread "GC Thread#1" [stack: 0x0000003c61200000,0x0000003c61300000] [id=5140]
  0x00000167718ea800 GCTaskThread "GC Thread#2" [stack: 0x0000003c61300000,0x0000003c61400000] [id=16064]
  0x0000016771b3c000 GCTaskThread "GC Thread#3" [stack: 0x0000003c61400000,0x0000003c61500000] [id=10364]
  0x000001674e737000 ConcurrentGCThread "G1 Main Marker" [stack: 0x0000003c60200000,0x0000003c60300000] [id=14556]
  0x000001674e738800 ConcurrentGCThread "G1 Conc#0" [stack: 0x0000003c60300000,0x0000003c60400000] [id=14520]
  0x0000016770659000 ConcurrentGCThread "G1 Refine#0" [stack: 0x0000003c60400000,0x0000003c60500000] [id=5388]
  0x000001677132c000 ConcurrentGCThread "G1 Refine#1" [stack: 0x0000003c61500000,0x0000003c61600000] [id=11696]
  0x000001677065b000 ConcurrentGCThread "G1 Young RemSet Sampling" [stack: 0x0000003c60500000,0x0000003c60600000] [id=15596]

Threads with active compile tasks:

VM state:at safepoint (normal execution)

VM Mutex/Monitor currently owned by a thread:  ([mutex/lock_event])
[0x000001674e6c8090] Threads_lock - owner thread: 0x0000016770ff1800
[0x000001674e6c8240] Heap_lock - owner thread: 0x0000016771bde000

Heap address: 0x0000000721000000, size: 3568 MB, Compressed Oops mode: Zero based, Oop shift amount: 3
Narrow klass base: 0x0000000800000000, Narrow klass shift: 0
Compressed class space size: 1073741824 Address: 0x0000000800000000

Heap:
 garbage-first heap   total 275456K, used 15710K [0x0000000721000000, 0x0000000800000000)
  region size 1024K, 10 young (10240K), 10 survivors (10240K)
 Metaspace       used 34599K, capacity 35933K, committed 36048K, reserved 1081344K
  class space    used 4267K, capacity 4834K, committed 4896K, reserved 1048576K
Heap Regions: E=young(eden), S=young(survivor), O=old, HS=humongous(starts), HC=humongous(continues), CS=collection set, F=free, A=archive, TAMS=top-at-mark-start (previous, next)
|   0|0x0000000721000000, 0x0000000721100000, 0x0000000721100000|100%|HS|  |TAMS 0x0000000721100000, 0x0000000721100000| Complete 
|   1|0x0000000721100000, 0x0000000721200000, 0x0000000721200000|100%| O|  |TAMS 0x0000000721200000, 0x0000000721200000| Untracked 
|   2|0x0000000721200000, 0x0000000721300000, 0x0000000721300000|100%| O|  |TAMS 0x0000000721300000, 0x0000000721300000| Untracked 
|   3|0x0000000721300000, 0x0000000721400000, 0x0000000721400000|100%| O|  |TAMS 0x0000000721400000, 0x0000000721400000| Untracked 
|   4|0x0000000721400000, 0x0000000721500000, 0x0000000721500000|100%| O|  |TAMS 0x0000000721500000, 0x0000000721500000| Untracked 
|   5|0x0000000721500000, 0x00000007215f4c00, 0x0000000721600000| 95%| O|  |TAMS 0x00000007215f4c00, 0x00000007215f4c00| Untracked 
|   6|0x0000000721600000, 0x0000000721600000, 0x0000000721700000|  0%| F|  |TAMS 0x0000000721600000, 0x0000000721600000| Untracked 
|   7|0x0000000721700000, 0x0000000721700000, 0x0000000721800000|  0%| F|  |TAMS 0x0000000721700000, 0x0000000721700000| Untracked 
|   8|0x0000000721800000, 0x0000000721800000, 0x0000000721900000|  0%| F|  |TAMS 0x0000000721800000, 0x0000000721800000| Untracked 
|   9|0x0000000721900000, 0x0000000721900000, 0x0000000721a00000|  0%| F|  |TAMS 0x0000000721900000, 0x0000000721900000| Untracked 
|  10|0x0000000721a00000, 0x0000000721a00000, 0x0000000721b00000|  0%| F|  |TAMS 0x0000000721a00000, 0x0000000721a00000| Untracked 
|  11|0x0000000721b00000, 0x0000000721b00000, 0x0000000721c00000|  0%| F|  |TAMS 0x0000000721b00000, 0x0000000721b00000| Untracked 
|  12|0x0000000721c00000, 0x0000000721c00000, 0x0000000721d00000|  0%| F|  |TAMS 0x0000000721c00000, 0x0000000721c00000| Untracked 
|  13|0x0000000721d00000, 0x0000000721d00000, 0x0000000721e00000|  0%| F|  |TAMS 0x0000000721d00000, 0x0000000721d00000| Untracked 
|  14|0x0000000721e00000, 0x0000000721e00000, 0x0000000721f00000|  0%| F|  |TAMS 0x0000000721e00000, 0x0000000721e00000| Untracked 
|  15|0x0000000721f00000, 0x0000000721f00000, 0x0000000722000000|  0%| F|  |TAMS 0x0000000721f00000, 0x0000000721f00000| Untracked 
|  16|0x0000000722000000, 0x0000000722000000, 0x0000000722100000|  0%| F|  |TAMS 0x0000000722000000, 0x0000000722000000| Untracked 
|  17|0x0000000722100000, 0x0000000722100000, 0x0000000722200000|  0%| F|  |TAMS 0x0000000722100000, 0x0000000722100000| Untracked 
|  18|0x0000000722200000, 0x0000000722200000, 0x0000000722300000|  0%| F|  |TAMS 0x0000000722200000, 0x0000000722200000| Untracked 
|  19|0x0000000722300000, 0x0000000722300000, 0x0000000722400000|  0%| F|  |TAMS 0x0000000722300000, 0x0000000722300000| Untracked 
|  20|0x0000000722400000, 0x0000000722400000, 0x0000000722500000|  0%| F|  |TAMS 0x0000000722400000, 0x0000000722400000| Untracked 
|  21|0x0000000722500000, 0x0000000722500000, 0x0000000722600000|  0%| F|  |TAMS 0x0000000722500000, 0x0000000722500000| Untracked 
|  22|0x0000000722600000, 0x0000000722600000, 0x0000000722700000|  0%| F|  |TAMS 0x0000000722600000, 0x0000000722600000| Untracked 
|  23|0x0000000722700000, 0x0000000722700000, 0x0000000722800000|  0%| F|  |TAMS 0x0000000722700000, 0x0000000722700000| Untracked 
|  24|0x0000000722800000, 0x0000000722800000, 0x0000000722900000|  0%| F|  |TAMS 0x0000000722800000, 0x0000000722800000| Untracked 
|  25|0x0000000722900000, 0x0000000722900000, 0x0000000722a00000|  0%| F|  |TAMS 0x0000000722900000, 0x0000000722900000| Untracked 
|  26|0x0000000722a00000, 0x0000000722a00000, 0x0000000722b00000|  0%| F|  |TAMS 0x0000000722a00000, 0x0000000722a00000| Untracked 
|  27|0x0000000722b00000, 0x0000000722b00000, 0x0000000722c00000|  0%| F|  |TAMS 0x0000000722b00000, 0x0000000722b00000| Untracked 
|  28|0x0000000722c00000, 0x0000000722c00000, 0x0000000722d00000|  0%| F|  |TAMS 0x0000000722c00000, 0x0000000722c00000| Untracked 
|  29|0x0000000722d00000, 0x0000000722d00000, 0x0000000722e00000|  0%| F|  |TAMS 0x0000000722d00000, 0x0000000722d00000| Untracked 
|  30|0x0000000722e00000, 0x0000000722e00000, 0x0000000722f00000|  0%| F|  |TAMS 0x0000000722e00000, 0x0000000722e00000| Untracked 
|  31|0x0000000722f00000, 0x0000000722f00000, 0x0000000723000000|  0%| F|  |TAMS 0x0000000722f00000, 0x0000000722f00000| Untracked 
|  32|0x0000000723000000, 0x0000000723000000, 0x0000000723100000|  0%| F|  |TAMS 0x0000000723000000, 0x0000000723000000| Untracked 
|  33|0x0000000723100000, 0x0000000723100000, 0x0000000723200000|  0%| F|  |TAMS 0x0000000723100000, 0x0000000723100000| Untracked 
|  34|0x0000000723200000, 0x0000000723200000, 0x0000000723300000|  0%| F|  |TAMS 0x0000000723200000, 0x0000000723200000| Untracked 
|  35|0x0000000723300000, 0x0000000723300000, 0x0000000723400000|  0%| F|  |TAMS 0x0000000723300000, 0x0000000723300000| Untracked 
|  36|0x0000000723400000, 0x0000000723400000, 0x0000000723500000|  0%| F|  |TAMS 0x0000000723400000, 0x0000000723400000| Untracked 
|  37|0x0000000723500000, 0x0000000723500000, 0x0000000723600000|  0%| F|  |TAMS 0x0000000723500000, 0x0000000723500000| Untracked 
|  38|0x0000000723600000, 0x0000000723600000, 0x0000000723700000|  0%| F|  |TAMS 0x0000000723600000, 0x0000000723600000| Untracked 
|  39|0x0000000723700000, 0x0000000723700000, 0x0000000723800000|  0%| F|  |TAMS 0x0000000723700000, 0x0000000723700000| Untracked 
|  40|0x0000000723800000, 0x0000000723800000, 0x0000000723900000|  0%| F|  |TAMS 0x0000000723800000, 0x0000000723800000| Untracked 
|  41|0x0000000723900000, 0x0000000723900000, 0x0000000723a00000|  0%| F|  |TAMS 0x0000000723900000, 0x0000000723900000| Untracked 
|  42|0x0000000723a00000, 0x0000000723a00000, 0x0000000723b00000|  0%| F|  |TAMS 0x0000000723a00000, 0x0000000723a00000| Untracked 
|  43|0x0000000723b00000, 0x0000000723b00000, 0x0000000723c00000|  0%| F|  |TAMS 0x0000000723b00000, 0x0000000723b00000| Untracked 
|  44|0x0000000723c00000, 0x0000000723c00000, 0x0000000723d00000|  0%| F|  |TAMS 0x0000000723c00000, 0x0000000723c00000| Untracked 
|  45|0x0000000723d00000, 0x0000000723d00000, 0x0000000723e00000|  0%| F|  |TAMS 0x0000000723d00000, 0x0000000723d00000| Untracked 
|  46|0x0000000723e00000, 0x0000000723e00000, 0x0000000723f00000|  0%| F|  |TAMS 0x0000000723e00000, 0x0000000723e00000| Untracked 
|  47|0x0000000723f00000, 0x0000000723f00000, 0x0000000724000000|  0%| F|  |TAMS 0x0000000723f00000, 0x0000000723f00000| Untracked 
|  48|0x0000000724000000, 0x0000000724000000, 0x0000000724100000|  0%| F|  |TAMS 0x0000000724000000, 0x0000000724000000| Untracked 
|  49|0x0000000724100000, 0x0000000724100000, 0x0000000724200000|  0%| F|  |TAMS 0x0000000724100000, 0x0000000724100000| Untracked 
|  50|0x0000000724200000, 0x0000000724200000, 0x0000000724300000|  0%| F|  |TAMS 0x0000000724200000, 0x0000000724200000| Untracked 
|  51|0x0000000724300000, 0x0000000724300000, 0x0000000724400000|  0%| F|  |TAMS 0x0000000724300000, 0x0000000724300000| Untracked 
|  52|0x0000000724400000, 0x0000000724400000, 0x0000000724500000|  0%| F|  |TAMS 0x0000000724400000, 0x0000000724400000| Untracked 
|  53|0x0000000724500000, 0x0000000724500000, 0x0000000724600000|  0%| F|  |TAMS 0x0000000724500000, 0x0000000724500000| Untracked 
|  54|0x0000000724600000, 0x0000000724600000, 0x0000000724700000|  0%| F|  |TAMS 0x0000000724600000, 0x0000000724600000| Untracked 
|  55|0x0000000724700000, 0x0000000724700000, 0x0000000724800000|  0%| F|  |TAMS 0x0000000724700000, 0x0000000724700000| Untracked 
|  56|0x0000000724800000, 0x0000000724800000, 0x0000000724900000|  0%| F|  |TAMS 0x0000000724800000, 0x0000000724800000| Untracked 
|  57|0x0000000724900000, 0x0000000724900000, 0x0000000724a00000|  0%| F|  |TAMS 0x0000000724900000, 0x0000000724900000| Untracked 
|  58|0x0000000724a00000, 0x0000000724a00000, 0x0000000724b00000|  0%| F|  |TAMS 0x0000000724a00000, 0x0000000724a00000| Untracked 
|  59|0x0000000724b00000, 0x0000000724b00000, 0x0000000724c00000|  0%| F|  |TAMS 0x0000000724b00000, 0x0000000724b00000| Untracked 
|  60|0x0000000724c00000, 0x0000000724c00000, 0x0000000724d00000|  0%| F|  |TAMS 0x0000000724c00000, 0x0000000724c00000| Untracked 
|  61|0x0000000724d00000, 0x0000000724d00000, 0x0000000724e00000|  0%| F|  |TAMS 0x0000000724d00000, 0x0000000724d00000| Untracked 
|  62|0x0000000724e00000, 0x0000000724e00000, 0x0000000724f00000|  0%| F|  |TAMS 0x0000000724e00000, 0x0000000724e00000| Untracked 
|  63|0x0000000724f00000, 0x0000000724f00000, 0x0000000725000000|  0%| F|  |TAMS 0x0000000724f00000, 0x0000000724f00000| Untracked 
|  64|0x0000000725000000, 0x0000000725000000, 0x0000000725100000|  0%| F|  |TAMS 0x0000000725000000, 0x0000000725000000| Untracked 
|  65|0x0000000725100000, 0x0000000725100000, 0x0000000725200000|  0%| F|  |TAMS 0x0000000725100000, 0x0000000725100000| Untracked 
|  66|0x0000000725200000, 0x0000000725200000, 0x0000000725300000|  0%| F|  |TAMS 0x0000000725200000, 0x0000000725200000| Untracked 
|  67|0x0000000725300000, 0x0000000725300000, 0x0000000725400000|  0%| F|  |TAMS 0x0000000725300000, 0x0000000725300000| Untracked 
|  68|0x0000000725400000, 0x0000000725400000, 0x0000000725500000|  0%| F|  |TAMS 0x0000000725400000, 0x0000000725400000| Untracked 
|  69|0x0000000725500000, 0x0000000725500000, 0x0000000725600000|  0%| F|  |TAMS 0x0000000725500000, 0x0000000725500000| Untracked 
|  70|0x0000000725600000, 0x0000000725600000, 0x0000000725700000|  0%| F|  |TAMS 0x0000000725600000, 0x0000000725600000| Untracked 
|  71|0x0000000725700000, 0x0000000725700000, 0x0000000725800000|  0%| F|  |TAMS 0x0000000725700000, 0x0000000725700000| Untracked 
|  72|0x0000000725800000, 0x0000000725800000, 0x0000000725900000|  0%| F|  |TAMS 0x0000000725800000, 0x0000000725800000| Untracked 
|  73|0x0000000725900000, 0x0000000725900000, 0x0000000725a00000|  0%| F|  |TAMS 0x0000000725900000, 0x0000000725900000| Untracked 
|  74|0x0000000725a00000, 0x0000000725a00000, 0x0000000725b00000|  0%| F|  |TAMS 0x0000000725a00000, 0x0000000725a00000| Untracked 
|  75|0x0000000725b00000, 0x0000000725b00000, 0x0000000725c00000|  0%| F|  |TAMS 0x0000000725b00000, 0x0000000725b00000| Untracked 
|  76|0x0000000725c00000, 0x0000000725c00000, 0x0000000725d00000|  0%| F|  |TAMS 0x0000000725c00000, 0x0000000725c00000| Untracked 
|  77|0x0000000725d00000, 0x0000000725d00000, 0x0000000725e00000|  0%| F|  |TAMS 0x0000000725d00000, 0x0000000725d00000| Untracked 
|  78|0x0000000725e00000, 0x0000000725e00000, 0x0000000725f00000|  0%| F|  |TAMS 0x0000000725e00000, 0x0000000725e00000| Untracked 
|  79|0x0000000725f00000, 0x0000000725f00000, 0x0000000726000000|  0%| F|  |TAMS 0x0000000725f00000, 0x0000000725f00000| Untracked 
|  80|0x0000000726000000, 0x0000000726000000, 0x0000000726100000|  0%| F|  |TAMS 0x0000000726000000, 0x0000000726000000| Untracked 
|  81|0x0000000726100000, 0x0000000726100000, 0x0000000726200000|  0%| F|  |TAMS 0x0000000726100000, 0x0000000726100000| Untracked 
|  82|0x0000000726200000, 0x0000000726200000, 0x0000000726300000|  0%| F|  |TAMS 0x0000000726200000, 0x0000000726200000| Untracked 
|  83|0x0000000726300000, 0x0000000726300000, 0x0000000726400000|  0%| F|  |TAMS 0x0000000726300000, 0x0000000726300000| Untracked 
|  84|0x0000000726400000, 0x0000000726400000, 0x0000000726500000|  0%| F|  |TAMS 0x0000000726400000, 0x0000000726400000| Untracked 
|  85|0x0000000726500000, 0x0000000726500000, 0x0000000726600000|  0%| F|  |TAMS 0x0000000726500000, 0x0000000726500000| Untracked 
|  86|0x0000000726600000, 0x0000000726600000, 0x0000000726700000|  0%| F|  |TAMS 0x0000000726600000, 0x0000000726600000| Untracked 
|  87|0x0000000726700000, 0x0000000726700000, 0x0000000726800000|  0%| F|  |TAMS 0x0000000726700000, 0x0000000726700000| Untracked 
|  88|0x0000000726800000, 0x0000000726800000, 0x0000000726900000|  0%| F|  |TAMS 0x0000000726800000, 0x0000000726800000| Untracked 
|  89|0x0000000726900000, 0x0000000726900000, 0x0000000726a00000|  0%| F|  |TAMS 0x0000000726900000, 0x0000000726900000| Untracked 
|  90|0x0000000726a00000, 0x0000000726a00000, 0x0000000726b00000|  0%| F|  |TAMS 0x0000000726a00000, 0x0000000726a00000| Untracked 
|  91|0x0000000726b00000, 0x0000000726b00000, 0x0000000726c00000|  0%| F|  |TAMS 0x0000000726b00000, 0x0000000726b00000| Untracked 
|  92|0x0000000726c00000, 0x0000000726c00000, 0x0000000726d00000|  0%| F|  |TAMS 0x0000000726c00000, 0x0000000726c00000| Untracked 
|  93|0x0000000726d00000, 0x0000000726d00000, 0x0000000726e00000|  0%| F|  |TAMS 0x0000000726d00000, 0x0000000726d00000| Untracked 
|  94|0x0000000726e00000, 0x0000000726e00000, 0x0000000726f00000|  0%| F|  |TAMS 0x0000000726e00000, 0x0000000726e00000| Untracked 
|  95|0x0000000726f00000, 0x0000000726f00000, 0x0000000727000000|  0%| F|  |TAMS 0x0000000726f00000, 0x0000000726f00000| Untracked 
|  96|0x0000000727000000, 0x0000000727000000, 0x0000000727100000|  0%| F|  |TAMS 0x0000000727000000, 0x0000000727000000| Untracked 
|  97|0x0000000727100000, 0x0000000727100000, 0x0000000727200000|  0%| F|  |TAMS 0x0000000727100000, 0x0000000727100000| Untracked 
|  98|0x0000000727200000, 0x0000000727200000, 0x0000000727300000|  0%| F|  |TAMS 0x0000000727200000, 0x0000000727200000| Untracked 
|  99|0x0000000727300000, 0x0000000727300000, 0x0000000727400000|  0%| F|  |TAMS 0x0000000727300000, 0x0000000727300000| Untracked 
| 100|0x0000000727400000, 0x0000000727400000, 0x0000000727500000|  0%| F|  |TAMS 0x0000000727400000, 0x0000000727400000| Untracked 
| 101|0x0000000727500000, 0x0000000727500000, 0x0000000727600000|  0%| F|  |TAMS 0x0000000727500000, 0x0000000727500000| Untracked 
| 102|0x0000000727600000, 0x0000000727600000, 0x0000000727700000|  0%| F|  |TAMS 0x0000000727600000, 0x0000000727600000| Untracked 
| 103|0x0000000727700000, 0x0000000727700000, 0x0000000727800000|  0%| F|  |TAMS 0x0000000727700000, 0x0000000727700000| Untracked 
| 104|0x0000000727800000, 0x0000000727800000, 0x0000000727900000|  0%| F|  |TAMS 0x0000000727800000, 0x0000000727800000| Untracked 
| 105|0x0000000727900000, 0x0000000727900000, 0x0000000727a00000|  0%| F|  |TAMS 0x0000000727900000, 0x0000000727900000| Untracked 
| 106|0x0000000727a00000, 0x0000000727a00000, 0x0000000727b00000|  0%| F|  |TAMS 0x0000000727a00000, 0x0000000727a00000| Untracked 
| 107|0x0000000727b00000, 0x0000000727b00000, 0x0000000727c00000|  0%| F|  |TAMS 0x0000000727b00000, 0x0000000727b00000| Untracked 
| 108|0x0000000727c00000, 0x0000000727c00000, 0x0000000727d00000|  0%| F|  |TAMS 0x0000000727c00000, 0x0000000727c00000| Untracked 
| 109|0x0000000727d00000, 0x0000000727d62ff0, 0x0000000727e00000| 38%| S|CS|TAMS 0x0000000727d00000, 0x0000000727d00000| Complete 
| 110|0x0000000727e00000, 0x0000000727f00000, 0x0000000727f00000|100%| S|CS|TAMS 0x0000000727e00000, 0x0000000727e00000| Complete 
| 111|0x0000000727f00000, 0x0000000728000000, 0x0000000728000000|100%| S|CS|TAMS 0x0000000727f00000, 0x0000000727f00000| Complete 
| 112|0x0000000728000000, 0x0000000728100000, 0x0000000728100000|100%| S|CS|TAMS 0x0000000728000000, 0x0000000728000000| Complete 
| 113|0x0000000728100000, 0x0000000728200000, 0x0000000728200000|100%| S|CS|TAMS 0x0000000728100000, 0x0000000728100000| Complete 
| 114|0x0000000728200000, 0x0000000728300000, 0x0000000728300000|100%| S|CS|TAMS 0x0000000728200000, 0x0000000728200000| Complete 
| 115|0x0000000728300000, 0x0000000728400000, 0x0000000728400000|100%| S|CS|TAMS 0x0000000728300000, 0x0000000728300000| Complete 
| 116|0x0000000728400000, 0x0000000728500000, 0x0000000728500000|100%| S|CS|TAMS 0x0000000728400000, 0x0000000728400000| Complete 
| 117|0x0000000728500000, 0x0000000728600000, 0x0000000728600000|100%| S|CS|TAMS 0x0000000728500000, 0x0000000728500000| Complete 
| 118|0x0000000728600000, 0x0000000728700000, 0x0000000728700000|100%| S|CS|TAMS 0x0000000728600000, 0x0000000728600000| Complete 
| 119|0x0000000728700000, 0x0000000728700000, 0x0000000728800000|  0%| F|  |TAMS 0x0000000728700000, 0x0000000728700000| Untracked 
| 120|0x0000000728800000, 0x0000000728800000, 0x0000000728900000|  0%| F|  |TAMS 0x0000000728800000, 0x0000000728800000| Untracked 
| 121|0x0000000728900000, 0x0000000728900000, 0x0000000728a00000|  0%| F|  |TAMS 0x0000000728900000, 0x0000000728900000| Untracked 
| 122|0x0000000728a00000, 0x0000000728a00000, 0x0000000728b00000|  0%| F|  |TAMS 0x0000000728a00000, 0x0000000728a00000| Untracked 
| 123|0x0000000728b00000, 0x0000000728b00000, 0x0000000728c00000|  0%| F|  |TAMS 0x0000000728b00000, 0x0000000728b00000| Untracked 
| 124|0x0000000728c00000, 0x0000000728c00000, 0x0000000728d00000|  0%| F|  |TAMS 0x0000000728c00000, 0x0000000728c00000| Untracked 
| 125|0x0000000728d00000, 0x0000000728d00000, 0x0000000728e00000|  0%| F|  |TAMS 0x0000000728d00000, 0x0000000728d00000| Untracked 
| 126|0x0000000728e00000, 0x0000000728e00000, 0x0000000728f00000|  0%| F|  |TAMS 0x0000000728e00000, 0x0000000728e00000| Untracked 
| 127|0x0000000728f00000, 0x0000000728f00000, 0x0000000729000000|  0%| F|  |TAMS 0x0000000728f00000, 0x0000000728f00000| Untracked 
| 128|0x0000000729000000, 0x0000000729000000, 0x0000000729100000|  0%| F|  |TAMS 0x0000000729000000, 0x0000000729000000| Untracked 
| 129|0x0000000729100000, 0x0000000729100000, 0x0000000729200000|  0%| F|  |TAMS 0x0000000729100000, 0x0000000729100000| Untracked 
| 130|0x0000000729200000, 0x0000000729200000, 0x0000000729300000|  0%| F|  |TAMS 0x0000000729200000, 0x0000000729200000| Untracked 
| 131|0x0000000729300000, 0x0000000729300000, 0x0000000729400000|  0%| F|  |TAMS 0x0000000729300000, 0x0000000729300000| Untracked 
| 132|0x0000000729400000, 0x0000000729400000, 0x0000000729500000|  0%| F|  |TAMS 0x0000000729400000, 0x0000000729400000| Untracked 
| 133|0x0000000729500000, 0x0000000729500000, 0x0000000729600000|  0%| F|  |TAMS 0x0000000729500000, 0x0000000729500000| Untracked 
| 134|0x0000000729600000, 0x0000000729600000, 0x0000000729700000|  0%| F|  |TAMS 0x0000000729600000, 0x0000000729600000| Untracked 
| 135|0x0000000729700000, 0x0000000729700000, 0x0000000729800000|  0%| F|  |TAMS 0x0000000729700000, 0x0000000729700000| Untracked 
| 136|0x0000000729800000, 0x0000000729800000, 0x0000000729900000|  0%| F|  |TAMS 0x0000000729800000, 0x0000000729800000| Untracked 
| 137|0x0000000729900000, 0x0000000729900000, 0x0000000729a00000|  0%| F|  |TAMS 0x0000000729900000, 0x0000000729900000| Untracked 
| 138|0x0000000729a00000, 0x0000000729a00000, 0x0000000729b00000|  0%| F|  |TAMS 0x0000000729a00000, 0x0000000729a00000| Untracked 
| 139|0x0000000729b00000, 0x0000000729b00000, 0x0000000729c00000|  0%| F|  |TAMS 0x0000000729b00000, 0x0000000729b00000| Untracked 
| 140|0x0000000729c00000, 0x0000000729c00000, 0x0000000729d00000|  0%| F|  |TAMS 0x0000000729c00000, 0x0000000729c00000| Untracked 
| 141|0x0000000729d00000, 0x0000000729d00000, 0x0000000729e00000|  0%| F|  |TAMS 0x0000000729d00000, 0x0000000729d00000| Untracked 
| 142|0x0000000729e00000, 0x0000000729e00000, 0x0000000729f00000|  0%| F|  |TAMS 0x0000000729e00000, 0x0000000729e00000| Untracked 
| 143|0x0000000729f00000, 0x0000000729f00000, 0x000000072a000000|  0%| F|  |TAMS 0x0000000729f00000, 0x0000000729f00000| Untracked 
| 144|0x000000072a000000, 0x000000072a000000, 0x000000072a100000|  0%| F|  |TAMS 0x000000072a000000, 0x000000072a000000| Untracked 
| 145|0x000000072a100000, 0x000000072a100000, 0x000000072a200000|  0%| F|  |TAMS 0x000000072a100000, 0x000000072a100000| Untracked 
| 146|0x000000072a200000, 0x000000072a200000, 0x000000072a300000|  0%| F|  |TAMS 0x000000072a200000, 0x000000072a200000| Untracked 
| 147|0x000000072a300000, 0x000000072a300000, 0x000000072a400000|  0%| F|  |TAMS 0x000000072a300000, 0x000000072a300000| Untracked 
| 148|0x000000072a400000, 0x000000072a400000, 0x000000072a500000|  0%| F|  |TAMS 0x000000072a400000, 0x000000072a400000| Untracked 
| 149|0x000000072a500000, 0x000000072a500000, 0x000000072a600000|  0%| F|  |TAMS 0x000000072a500000, 0x000000072a500000| Untracked 
| 150|0x000000072a600000, 0x000000072a600000, 0x000000072a700000|  0%| F|  |TAMS 0x000000072a600000, 0x000000072a600000| Untracked 
| 151|0x000000072a700000, 0x000000072a700000, 0x000000072a800000|  0%| F|  |TAMS 0x000000072a700000, 0x000000072a700000| Untracked 
| 152|0x000000072a800000, 0x000000072a800000, 0x000000072a900000|  0%| F|  |TAMS 0x000000072a800000, 0x000000072a800000| Untracked 
| 153|0x000000072a900000, 0x000000072a900000, 0x000000072aa00000|  0%| F|  |TAMS 0x000000072a900000, 0x000000072a900000| Untracked 
| 154|0x000000072aa00000, 0x000000072aa00000, 0x000000072ab00000|  0%| F|  |TAMS 0x000000072aa00000, 0x000000072aa00000| Untracked 
| 155|0x000000072ab00000, 0x000000072ab00000, 0x000000072ac00000|  0%| F|  |TAMS 0x000000072ab00000, 0x000000072ab00000| Untracked 
| 156|0x000000072ac00000, 0x000000072ac00000, 0x000000072ad00000|  0%| F|  |TAMS 0x000000072ac00000, 0x000000072ac00000| Untracked 
| 157|0x000000072ad00000, 0x000000072ad00000, 0x000000072ae00000|  0%| F|  |TAMS 0x000000072ad00000, 0x000000072ad00000| Untracked 
| 158|0x000000072ae00000, 0x000000072ae00000, 0x000000072af00000|  0%| F|  |TAMS 0x000000072ae00000, 0x000000072ae00000| Untracked 
| 159|0x000000072af00000, 0x000000072af00000, 0x000000072b000000|  0%| F|  |TAMS 0x000000072af00000, 0x000000072af00000| Untracked 
| 160|0x000000072b000000, 0x000000072b000000, 0x000000072b100000|  0%| F|  |TAMS 0x000000072b000000, 0x000000072b000000| Untracked 
| 161|0x000000072b100000, 0x000000072b100000, 0x000000072b200000|  0%| F|  |TAMS 0x000000072b100000, 0x000000072b100000| Untracked 
| 162|0x000000072b200000, 0x000000072b200000, 0x000000072b300000|  0%| F|  |TAMS 0x000000072b200000, 0x000000072b200000| Untracked 
| 163|0x000000072b300000, 0x000000072b300000, 0x000000072b400000|  0%| F|  |TAMS 0x000000072b300000, 0x000000072b300000| Untracked 
| 164|0x000000072b400000, 0x000000072b400000, 0x000000072b500000|  0%| F|  |TAMS 0x000000072b400000, 0x000000072b400000| Untracked 
| 165|0x000000072b500000, 0x000000072b500000, 0x000000072b600000|  0%| F|  |TAMS 0x000000072b500000, 0x000000072b500000| Untracked 
| 166|0x000000072b600000, 0x000000072b600000, 0x000000072b700000|  0%| F|  |TAMS 0x000000072b600000, 0x000000072b600000| Untracked 
| 167|0x000000072b700000, 0x000000072b700000, 0x000000072b800000|  0%| F|  |TAMS 0x000000072b700000, 0x000000072b700000| Untracked 
| 168|0x000000072b800000, 0x000000072b800000, 0x000000072b900000|  0%| F|  |TAMS 0x000000072b800000, 0x000000072b800000| Untracked 
| 169|0x000000072b900000, 0x000000072b900000, 0x000000072ba00000|  0%| F|  |TAMS 0x000000072b900000, 0x000000072b900000| Untracked 
| 170|0x000000072ba00000, 0x000000072ba00000, 0x000000072bb00000|  0%| F|  |TAMS 0x000000072ba00000, 0x000000072ba00000| Untracked 
| 171|0x000000072bb00000, 0x000000072bb00000, 0x000000072bc00000|  0%| F|  |TAMS 0x000000072bb00000, 0x000000072bb00000| Untracked 
| 172|0x000000072bc00000, 0x000000072bc00000, 0x000000072bd00000|  0%| F|  |TAMS 0x000000072bc00000, 0x000000072bc00000| Untracked 
| 173|0x000000072bd00000, 0x000000072bd00000, 0x000000072be00000|  0%| F|  |TAMS 0x000000072bd00000, 0x000000072bd00000| Untracked 
| 174|0x000000072be00000, 0x000000072be00000, 0x000000072bf00000|  0%| F|  |TAMS 0x000000072be00000, 0x000000072be00000| Untracked 
| 175|0x000000072bf00000, 0x000000072bf00000, 0x000000072c000000|  0%| F|  |TAMS 0x000000072bf00000, 0x000000072bf00000| Untracked 
| 176|0x000000072c000000, 0x000000072c000000, 0x000000072c100000|  0%| F|  |TAMS 0x000000072c000000, 0x000000072c000000| Untracked 
| 177|0x000000072c100000, 0x000000072c100000, 0x000000072c200000|  0%| F|  |TAMS 0x000000072c100000, 0x000000072c100000| Untracked 
| 178|0x000000072c200000, 0x000000072c200000, 0x000000072c300000|  0%| F|  |TAMS 0x000000072c200000, 0x000000072c200000| Untracked 
| 179|0x000000072c300000, 0x000000072c300000, 0x000000072c400000|  0%| F|  |TAMS 0x000000072c300000, 0x000000072c300000| Untracked 
| 180|0x000000072c400000, 0x000000072c400000, 0x000000072c500000|  0%| F|  |TAMS 0x000000072c400000, 0x000000072c400000| Untracked 
| 181|0x000000072c500000, 0x000000072c500000, 0x000000072c600000|  0%| F|  |TAMS 0x000000072c500000, 0x000000072c500000| Untracked 
| 182|0x000000072c600000, 0x000000072c600000, 0x000000072c700000|  0%| F|  |TAMS 0x000000072c600000, 0x000000072c600000| Untracked 
| 183|0x000000072c700000, 0x000000072c700000, 0x000000072c800000|  0%| F|  |TAMS 0x000000072c700000, 0x000000072c700000| Untracked 
| 184|0x000000072c800000, 0x000000072c800000, 0x000000072c900000|  0%| F|  |TAMS 0x000000072c800000, 0x000000072c800000| Untracked 
| 185|0x000000072c900000, 0x000000072c900000, 0x000000072ca00000|  0%| F|  |TAMS 0x000000072c900000, 0x000000072c900000| Untracked 
| 186|0x000000072ca00000, 0x000000072ca00000, 0x000000072cb00000|  0%| F|  |TAMS 0x000000072ca00000, 0x000000072ca00000| Untracked 
| 187|0x000000072cb00000, 0x000000072cb00000, 0x000000072cc00000|  0%| F|  |TAMS 0x000000072cb00000, 0x000000072cb00000| Untracked 
| 188|0x000000072cc00000, 0x000000072cc00000, 0x000000072cd00000|  0%| F|  |TAMS 0x000000072cc00000, 0x000000072cc00000| Untracked 
| 189|0x000000072cd00000, 0x000000072cd00000, 0x000000072ce00000|  0%| F|  |TAMS 0x000000072cd00000, 0x000000072cd00000| Untracked 
| 190|0x000000072ce00000, 0x000000072ce00000, 0x000000072cf00000|  0%| F|  |TAMS 0x000000072ce00000, 0x000000072ce00000| Untracked 
| 191|0x000000072cf00000, 0x000000072cf00000, 0x000000072d000000|  0%| F|  |TAMS 0x000000072cf00000, 0x000000072cf00000| Untracked 
| 192|0x000000072d000000, 0x000000072d000000, 0x000000072d100000|  0%| F|  |TAMS 0x000000072d000000, 0x000000072d000000| Untracked 
| 193|0x000000072d100000, 0x000000072d100000, 0x000000072d200000|  0%| F|  |TAMS 0x000000072d100000, 0x000000072d100000| Untracked 
| 194|0x000000072d200000, 0x000000072d200000, 0x000000072d300000|  0%| F|  |TAMS 0x000000072d200000, 0x000000072d200000| Untracked 
| 195|0x000000072d300000, 0x000000072d300000, 0x000000072d400000|  0%| F|  |TAMS 0x000000072d300000, 0x000000072d300000| Untracked 
| 196|0x000000072d400000, 0x000000072d400000, 0x000000072d500000|  0%| F|  |TAMS 0x000000072d400000, 0x000000072d400000| Untracked 
| 197|0x000000072d500000, 0x000000072d500000, 0x000000072d600000|  0%| F|  |TAMS 0x000000072d500000, 0x000000072d500000| Untracked 
| 198|0x000000072d600000, 0x000000072d600000, 0x000000072d700000|  0%| F|  |TAMS 0x000000072d600000, 0x000000072d600000| Untracked 
| 199|0x000000072d700000, 0x000000072d700000, 0x000000072d800000|  0%| F|  |TAMS 0x000000072d700000, 0x000000072d700000| Untracked 
| 200|0x000000072d800000, 0x000000072d800000, 0x000000072d900000|  0%| F|  |TAMS 0x000000072d800000, 0x000000072d800000| Untracked 
| 201|0x000000072d900000, 0x000000072d900000, 0x000000072da00000|  0%| F|  |TAMS 0x000000072d900000, 0x000000072d900000| Untracked 
| 202|0x000000072da00000, 0x000000072da00000, 0x000000072db00000|  0%| F|  |TAMS 0x000000072da00000, 0x000000072da00000| Untracked 
| 203|0x000000072db00000, 0x000000072db00000, 0x000000072dc00000|  0%| F|  |TAMS 0x000000072db00000, 0x000000072db00000| Untracked 
| 204|0x000000072dc00000, 0x000000072dc00000, 0x000000072dd00000|  0%| F|  |TAMS 0x000000072dc00000, 0x000000072dc00000| Untracked 
| 205|0x000000072dd00000, 0x000000072dd00000, 0x000000072de00000|  0%| F|  |TAMS 0x000000072dd00000, 0x000000072dd00000| Untracked 
| 206|0x000000072de00000, 0x000000072de00000, 0x000000072df00000|  0%| F|  |TAMS 0x000000072de00000, 0x000000072de00000| Untracked 
| 207|0x000000072df00000, 0x000000072df00000, 0x000000072e000000|  0%| F|  |TAMS 0x000000072df00000, 0x000000072df00000| Untracked 
| 208|0x000000072e000000, 0x000000072e000000, 0x000000072e100000|  0%| F|  |TAMS 0x000000072e000000, 0x000000072e000000| Untracked 
| 209|0x000000072e100000, 0x000000072e100000, 0x000000072e200000|  0%| F|  |TAMS 0x000000072e100000, 0x000000072e100000| Untracked 
| 210|0x000000072e200000, 0x000000072e200000, 0x000000072e300000|  0%| F|  |TAMS 0x000000072e200000, 0x000000072e200000| Untracked 
| 211|0x000000072e300000, 0x000000072e300000, 0x000000072e400000|  0%| F|  |TAMS 0x000000072e300000, 0x000000072e300000| Untracked 
| 212|0x000000072e400000, 0x000000072e400000, 0x000000072e500000|  0%| F|  |TAMS 0x000000072e400000, 0x000000072e400000| Untracked 
| 213|0x000000072e500000, 0x000000072e500000, 0x000000072e600000|  0%| F|  |TAMS 0x000000072e500000, 0x000000072e500000| Untracked 
| 214|0x000000072e600000, 0x000000072e600000, 0x000000072e700000|  0%| F|  |TAMS 0x000000072e600000, 0x000000072e600000| Untracked 
| 215|0x000000072e700000, 0x000000072e700000, 0x000000072e800000|  0%| F|  |TAMS 0x000000072e700000, 0x000000072e700000| Untracked 
| 216|0x000000072e800000, 0x000000072e800000, 0x000000072e900000|  0%| F|  |TAMS 0x000000072e800000, 0x000000072e800000| Untracked 
| 217|0x000000072e900000, 0x000000072e900000, 0x000000072ea00000|  0%| F|  |TAMS 0x000000072e900000, 0x000000072e900000| Untracked 
| 218|0x000000072ea00000, 0x000000072ea00000, 0x000000072eb00000|  0%| F|  |TAMS 0x000000072ea00000, 0x000000072ea00000| Untracked 
| 219|0x000000072eb00000, 0x000000072eb00000, 0x000000072ec00000|  0%| F|  |TAMS 0x000000072eb00000, 0x000000072eb00000| Untracked 
| 220|0x000000072ec00000, 0x000000072ec00000, 0x000000072ed00000|  0%| F|  |TAMS 0x000000072ec00000, 0x000000072ec00000| Untracked 
| 221|0x000000072ed00000, 0x000000072ed00000, 0x000000072ee00000|  0%| F|  |TAMS 0x000000072ed00000, 0x000000072ed00000| Untracked 
| 222|0x000000072ee00000, 0x000000072ee00000, 0x000000072ef00000|  0%| F|  |TAMS 0x000000072ee00000, 0x000000072ee00000| Untracked 
| 223|0x000000072ef00000, 0x000000072ef00000, 0x000000072f000000|  0%| F|  |TAMS 0x000000072ef00000, 0x000000072ef00000| Untracked 

Card table byte_map: [0x0000016766520000,0x0000016766c20000] _byte_map_base: 0x0000016762c18000

Marking Bits (Prev, Next): (CMBitMap*) 0x000001674e728640, (CMBitMap*) 0x000001674e728608
 Prev Bits: [0x000001676aae0000, 0x000001676e2a0000)
 Next Bits: [0x0000016767320000, 0x000001676aae0000)

Polling page: 0x000001674c590000

Metaspace:

Usage:
  Non-class:     30.37 MB capacity,    29.62 MB ( 98%) used,   620.88 KB (  2%) free+waste,   145.56 KB ( <1%) overhead. 
      Class:      4.72 MB capacity,     4.17 MB ( 88%) used,   493.17 KB ( 10%) free+waste,    73.75 KB (  2%) overhead. 
       Both:     35.09 MB capacity,    33.79 MB ( 96%) used,     1.09 MB (  3%) free+waste,   219.31 KB ( <1%) overhead. 

Virtual space:
  Non-class space:       32.00 MB reserved,      30.42 MB ( 95%) committed 
      Class space:        1.00 GB reserved,       4.78 MB ( <1%) committed 
             Both:        1.03 GB reserved,      35.20 MB (  3%) committed 

Chunk freelists:
   Non-Class:  53.00 KB
       Class:  0 bytes
        Both:  53.00 KB

MaxMetaspaceSize: 17179869184.00 GB
CompressedClassSpaceSize: 1.00 GB
Initial GC threshold: 20.80 MB
Current GC threshold: 35.20 MB
CDS: off

CodeHeap 'non-profiled nmethods': size=238912Kb used=5687Kb max_used=5687Kb free=233224Kb
 bounds [0x00000167574d0000, 0x0000016757a60000, 0x0000016765e20000]
CodeHeap 'non-nmethods': size=6848Kb used=1216Kb max_used=1216Kb free=5631Kb
 bounds [0x0000016756e20000, 0x0000016757090000, 0x00000167574d0000]
 total_blobs=4075 nmethods=3583 adapters=418
 compilation: enabled
              stopped_count=0, restarted_count=0
 full_count=0

Compilation events (20 events):
Event: 2.652 Thread 0x000001677107d000 3573       1       java.lang.reflect.Field::getType (5 bytes)
Event: 2.652 Thread 0x000001677107d000 nmethod 3573 0x0000016757a59590 code [0x0000016757a59740, 0x0000016757a597f8]
Event: 2.655 Thread 0x000001677107d000 3575       1       java.util.regex.Pattern::append (39 bytes)
Event: 2.656 Thread 0x000001677107d000 nmethod 3575 0x0000016757a59890 code [0x0000016757a59a60, 0x0000016757a59d28]
Event: 2.656 Thread 0x000001677107d000 3576       1       java.lang.invoke.LambdaFormEditor::addArgumentForm (121 bytes)
Event: 2.656 Thread 0x000001677107d000 nmethod 3576 0x0000016757a59e90 code [0x0000016757a5a0a0, 0x0000016757a5a3d8]
Event: 2.660 Thread 0x000001677107d000 3577       1       java.util.Arrays::copyOf (19 bytes)
Event: 2.660 Thread 0x000001677107d000 nmethod 3577 0x0000016757a5a690 code [0x0000016757a5a840, 0x0000016757a5aa28]
Event: 2.660 Thread 0x000001677107d000 3580       1       java.lang.invoke.MethodHandles::foldArgumentChecks (217 bytes)
Event: 2.661 Thread 0x000001677107d000 nmethod 3580 0x0000016757a5ab10 code [0x0000016757a5ae20, 0x0000016757a5b8d8]
Event: 2.661 Thread 0x000001677107d000 3578       1       java.lang.invoke.MethodType::insertParameterTypes (10 bytes)
Event: 2.661 Thread 0x000001677107d000 nmethod 3578 0x0000016757a5c090 code [0x0000016757a5c260, 0x0000016757a5c3f8]
Event: 2.661 Thread 0x000001677107d000 3579       1       java.lang.invoke.MethodHandles::foldArguments (100 bytes)
Event: 2.662 Thread 0x000001677107d000 nmethod 3579 0x0000016757a5c510 code [0x0000016757a5c720, 0x0000016757a5cab8]
Event: 2.662 Thread 0x000001677107d000 3581       1       java.lang.invoke.LambdaFormEditor::foldArgumentsForm (120 bytes)
Event: 2.662 Thread 0x000001677107d000 nmethod 3581 0x0000016757a5ce10 code [0x0000016757a5d000, 0x0000016757a5d388]
Event: 2.662 Thread 0x000001677107d000 3582       1       java.lang.invoke.LambdaFormEditor$Transform::of (9 bytes)
Event: 2.662 Thread 0x000001677107d000 nmethod 3582 0x0000016757a5d590 code [0x0000016757a5d740, 0x0000016757a5d808]
Event: 2.663 Thread 0x000001677107d000 3583       1       java.lang.Class::searchFields (43 bytes)
Event: 2.663 Thread 0x000001677107d000 nmethod 3583 0x0000016757a5d890 code [0x0000016757a5da40, 0x0000016757a5db88]

GC Heap History (9 events):
Event: 0.679 GC heap before
{Heap before GC invocations=0 (full 0):
 garbage-first heap   total 229376K, used 15360K [0x0000000721000000, 0x0000000800000000)
  region size 1024K, 14 young (14336K), 0 survivors (0K)
 Metaspace       used 12576K, capacity 12822K, committed 12928K, reserved 1060864K
  class space    used 1287K, capacity 1402K, committed 1408K, reserved 1048576K
}
Event: 0.683 GC heap after
{Heap after GC invocations=1 (full 0):
 garbage-first heap   total 229376K, used 6034K [0x0000000721000000, 0x0000000800000000)
  region size 1024K, 2 young (2048K), 2 survivors (2048K)
 Metaspace       used 12576K, capacity 12822K, committed 12928K, reserved 1060864K
  class space    used 1287K, capacity 1402K, committed 1408K, reserved 1048576K
}
Event: 0.988 GC heap before
{Heap before GC invocations=1 (full 0):
 garbage-first heap   total 229376K, used 28562K [0x0000000721000000, 0x0000000800000000)
  region size 1024K, 24 young (24576K), 2 survivors (2048K)
 Metaspace       used 16391K, capacity 16804K, committed 17152K, reserved 1064960K
  class space    used 1759K, capacity 1929K, committed 2048K, reserved 1048576K
}
Event: 0.992 GC heap after
{Heap after GC invocations=2 (full 0):
 garbage-first heap   total 229376K, used 7523K [0x0000000721000000, 0x0000000800000000)
  region size 1024K, 2 young (2048K), 2 survivors (2048K)
 Metaspace       used 16391K, capacity 16804K, committed 17152K, reserved 1064960K
  class space    used 1759K, capacity 1929K, committed 2048K, reserved 1048576K
}
Event: 1.227 GC heap before
{Heap before GC invocations=2 (full 0):
 garbage-first heap   total 229376K, used 33123K [0x0000000721000000, 0x0000000800000000)
  region size 1024K, 28 young (28672K), 2 survivors (2048K)
 Metaspace       used 20442K, capacity 21185K, committed 21296K, reserved 1069056K
  class space    used 2374K, capacity 2670K, committed 2688K, reserved 1048576K
}
Event: 1.230 GC heap after
{Heap after GC invocations=3 (full 0):
 garbage-first heap   total 229376K, used 9042K [0x0000000721000000, 0x0000000800000000)
  region size 1024K, 3 young (3072K), 3 survivors (3072K)
 Metaspace       used 20442K, capacity 21185K, committed 21296K, reserved 1069056K
  class space    used 2374K, capacity 2670K, committed 2688K, reserved 1048576K
}
Event: 1.593 GC heap before
{Heap before GC invocations=4 (full 0):
 garbage-first heap   total 229376K, used 53074K [0x0000000721000000, 0x0000000800000000)
  region size 1024K, 47 young (48128K), 3 survivors (3072K)
 Metaspace       used 25553K, capacity 26475K, committed 26620K, reserved 1073152K
  class space    used 3014K, capacity 3348K, committed 3404K, reserved 1048576K
}
Event: 1.597 GC heap after
{Heap after GC invocations=5 (full 0):
 garbage-first heap   total 229376K, used 10910K [0x0000000721000000, 0x0000000800000000)
  region size 1024K, 5 young (5120K), 5 survivors (5120K)
 Metaspace       used 25553K, capacity 26475K, committed 26620K, reserved 1073152K
  class space    used 3014K, capacity 3348K, committed 3404K, reserved 1048576K
}
Event: 2.674 GC heap before
{Heap before GC invocations=5 (full 0):
 garbage-first heap   total 229376K, used 112286K [0x0000000721000000, 0x0000000800000000)
  region size 1024K, 105 young (107520K), 5 survivors (5120K)
 Metaspace       used 34599K, capacity 35933K, committed 36048K, reserved 1081344K
  class space    used 4267K, capacity 4834K, committed 4896K, reserved 1048576K
}

Deoptimization events (2 events):
Event: 1.937 Thread 0x0000016771bde000 DEOPT PACKING pc=0x00000167577d70ac sp=0x0000003c617fcc40
Event: 1.937 Thread 0x0000016771bde000 DEOPT UNPACKING pc=0x0000016756e6a95e sp=0x0000003c617fc1a8 mode 0

Classes redefined (0 events):
No events

Internal exceptions (20 events):
Event: 2.214 Thread 0x0000016771bde000 Exception <a 'java/lang/ClassNotFoundException'{0x000000072b29e4c8}: java/lang/ObjectCustomizer> (0x000000072b29e4c8) thrown at [./src/hotspot/share/classfile/systemDictionary.cpp, line 230]
Event: 2.214 Thread 0x0000016771bde000 Exception <a 'java/lang/ClassNotFoundException'{0x000000072b2baab0}: org/springframework/transaction/annotation/AbstractTransactionManagementConfigurationCustomizer> (0x000000072b2baab0) thrown at [./src/hotspot/share/classfile/systemDictionary.cpp, line 230]
Event: 2.215 Thread 0x0000016771bde000 Exception <a 'java/lang/ClassNotFoundException'{0x000000072b2d5740}: org/springframework/transaction/annotation/ProxyTransactionManagementConfigurationCustomizer> (0x000000072b2d5740) thrown at [./src/hotspot/share/classfile/systemDictionary.cpp, line 230]
Event: 2.216 Thread 0x0000016771bde000 Exception <a 'java/lang/ClassNotFoundException'{0x000000072b2ed8c0}: org/springframework/context/annotation/ImportAwareCustomizer> (0x000000072b2ed8c0) thrown at [./src/hotspot/share/classfile/systemDictionary.cpp, line 230]
Event: 2.216 Thread 0x0000016771bde000 Exception <a 'java/lang/ClassNotFoundException'{0x000000072b1016c0}: org/springframework/beans/factory/AwareCustomizer> (0x000000072b1016c0) thrown at [./src/hotspot/share/classfile/systemDictionary.cpp, line 230]
Event: 2.246 Thread 0x0000016771bde000 Exception <a 'java/lang/NoSuchMethodError'{0x000000072ae07cf8}: 'java.lang.Object java.lang.invoke.DirectMethodHandle$Holder.invokeSpecialIFC(java.lang.Object, java.lang.Object, java.lang.Object)'> (0x000000072ae07cf8) thrown at [./src/hotspot/share/interpreter/linkResolver.cpp, line 773]
Event: 2.260 Thread 0x0000016772a95000 Exception <a 'java/lang/reflect/InvocationTargetException'{0x000000072df96918}> (0x000000072df96918) thrown at [./src/hotspot/share/runtime/reflection.cpp, line 1247]
Event: 2.276 Thread 0x0000016771bde000 Exception <a 'java/lang/NoSuchMethodError'{0x000000072adead08}: 'int java.lang.invoke.DirectMethodHandle$Holder.invokeSpecial(java.lang.Object, java.lang.Object, java.lang.Object, java.lang.Object, java.lang.Object)'> (0x000000072adead08) thrown at [./src/hotspot/share/interpreter/linkResolver.cpp, line 773]
Event: 2.309 Thread 0x0000016771bde000 Exception <a 'java/lang/NoSuchMethodError'{0x000000072aa97c38}: 'void java.lang.invoke.DelegatingMethodHandle$Holder.delegate(java.lang.Object, java.lang.Object, int, java.lang.Object)'> (0x000000072aa97c38) thrown at [./src/hotspot/share/interpreter/linkResolver.cpp, line 773]
Event: 2.335 Thread 0x0000016771bde000 Exception <a 'java/lang/NoSuchMethodError'{0x000000072a8615c0}: 'void java.lang.invoke.DirectMethodHandle$Holder.invokeInterface(java.lang.Object, java.lang.Object, int)'> (0x000000072a8615c0) thrown at [./src/hotspot/share/interpreter/linkResolver.cpp, line 773]
Event: 2.336 Thread 0x0000016771bde000 Exception <a 'java/lang/NoSuchMethodError'{0x000000072a879678}: 'int java.lang.invoke.DirectMethodHandle$Holder.invokeVirtual(java.lang.Object, java.lang.Object)'> (0x000000072a879678) thrown at [./src/hotspot/share/interpreter/linkResolver.cpp, line 773]
Event: 2.338 Thread 0x0000016771bde000 Exception <a 'java/lang/IncompatibleClassChangeError'{0x000000072a8b53f8}: Found class java.lang.Object, but interface was expected> (0x000000072a8b53f8) thrown at [./src/hotspot/share/interpreter/linkResolver.cpp, line 839]
Event: 2.339 Thread 0x0000016771bde000 Exception <a 'java/lang/NoSuchMethodError'{0x000000072a8ba2a0}: 'void java.lang.invoke.DirectMethodHandle$Holder.invokeStatic(java.lang.Object, int, java.lang.Object)'> (0x000000072a8ba2a0) thrown at [./src/hotspot/share/interpreter/linkResolver.cpp, line 773]
Event: 2.509 Thread 0x0000016771bde000 Exception <a 'sun/nio/fs/WindowsException'{0x00000007297cc990}> (0x00000007297cc990) thrown at [./src/hotspot/share/prims/jni.cpp, line 617]
Event: 2.510 Thread 0x0000016771bde000 Exception <a 'sun/nio/fs/WindowsException'{0x00000007297d27a0}> (0x00000007297d27a0) thrown at [./src/hotspot/share/prims/jni.cpp, line 617]
Event: 2.510 Thread 0x0000016771bde000 Exception <a 'sun/nio/fs/WindowsException'{0x00000007297d2e78}> (0x00000007297d2e78) thrown at [./src/hotspot/share/prims/jni.cpp, line 617]
Event: 2.577 Thread 0x0000016771bde000 Exception <a 'java/io/FileNotFoundException'{0x0000000729098e98}> (0x0000000729098e98) thrown at [./src/hotspot/share/prims/jni.cpp, line 617]
Event: 2.577 Thread 0x0000016771bde000 Exception <a 'java/io/FileNotFoundException'{0x000000072909a018}> (0x000000072909a018) thrown at [./src/hotspot/share/prims/jni.cpp, line 617]
Event: 2.595 Thread 0x0000016771bde000 Exception <a 'java/lang/NoSuchMethodError'{0x0000000728e39798}: 'int java.lang.invoke.DirectMethodHandle$Holder.invokeInterface(java.lang.Object, java.lang.Object, java.lang.Object, java.lang.Object)'> (0x0000000728e39798) thrown at [./src/hotspot/share/interpreter/linkResolver.cpp, line 773]
Event: 2.630 Thread 0x0000016771bde000 Exception <a 'java/io/FileNotFoundException'{0x0000000728b4ba88}> (0x0000000728b4ba88) thrown at [./src/hotspot/share/prims/jni.cpp, line 617]

Events (20 events):
Event: 2.668 loading class com/zaxxer/hikari/util/ConcurrentBag$IConcurrentBagEntry done
Event: 2.668 loading class java/util/concurrent/atomic/AtomicIntegerFieldUpdater
Event: 2.668 loading class java/util/concurrent/atomic/AtomicIntegerFieldUpdater done
Event: 2.668 loading class java/util/concurrent/atomic/AtomicIntegerFieldUpdater$AtomicIntegerFieldUpdaterImpl
Event: 2.668 loading class java/util/concurrent/atomic/AtomicIntegerFieldUpdater$AtomicIntegerFieldUpdaterImpl done
Event: 2.669 loading class java/util/concurrent/atomic/AtomicIntegerFieldUpdater$AtomicIntegerFieldUpdaterImpl$1
Event: 2.669 loading class java/util/concurrent/atomic/AtomicIntegerFieldUpdater$AtomicIntegerFieldUpdaterImpl$1 done
Event: 2.669 loading class com/zaxxer/hikari/util/FastList
Event: 2.669 loading class com/zaxxer/hikari/util/FastList done
Event: 2.669 loading class org/postgresql/Driver$1
Event: 2.669 loading class org/postgresql/Driver$1 done
Event: 2.670 loading class org/postgresql/jdbc/PgConnection
Event: 2.670 loading class org/postgresql/jdbc/PgConnection done
Event: 2.672 loading class org/postgresql/core/BaseConnection
Event: 2.672 loading class org/postgresql/core/BaseConnection done
Event: 2.672 loading class org/postgresql/PGConnection
Event: 2.672 loading class org/postgresql/PGConnection done
Event: 2.674 loading class org/postgresql/util/HostSpec
Event: 2.674 loading class org/postgresql/util/HostSpec done
Event: 2.674 Executing VM operation: CollectForMetadataAllocation


Dynamic libraries:
0x00007ff79e500000 - 0x00007ff79e50d000 	C:\Users\raque\.jdks\corretto-11.0.15\bin\java.exe
0x00007ffda5e30000 - 0x00007ffda6025000 	C:\Windows\SYSTEM32\ntdll.dll
0x00007ffda5980000 - 0x00007ffda5a3d000 	C:\Windows\System32\KERNEL32.DLL
0x00007ffda3600000 - 0x00007ffda38cd000 	C:\Windows\System32\KERNELBASE.dll
0x00007ffda3c90000 - 0x00007ffda3d90000 	C:\Windows\System32\ucrtbase.dll
0x00007ffd97400000 - 0x00007ffd97417000 	C:\Users\raque\.jdks\corretto-11.0.15\bin\jli.dll
0x00007ffda4660000 - 0x00007ffda4800000 	C:\Windows\System32\USER32.dll
0x00007ffd96d00000 - 0x00007ffd96d19000 	C:\Users\raque\.jdks\corretto-11.0.15\bin\VCRUNTIME140.dll
0x00007ffd8f670000 - 0x00007ffd8f90a000 	C:\Windows\WinSxS\amd64_microsoft.windows.common-controls_6595b64144ccf1df_6.0.19041.1110_none_60b5254171f9507e\COMCTL32.dll
0x00007ffda3540000 - 0x00007ffda3562000 	C:\Windows\System32\win32u.dll
0x00007ffda44e0000 - 0x00007ffda457e000 	C:\Windows\System32\msvcrt.dll
0x00007ffda5150000 - 0x00007ffda517a000 	C:\Windows\System32\GDI32.dll
0x00007ffda3940000 - 0x00007ffda3a4b000 	C:\Windows\System32\gdi32full.dll
0x00007ffda3d90000 - 0x00007ffda3e2d000 	C:\Windows\System32\msvcp_win.dll
0x00007ffda4580000 - 0x00007ffda45b0000 	C:\Windows\System32\IMM32.DLL
0x00007ffd7d530000 - 0x00007ffd7d5cb000 	C:\Users\raque\.jdks\corretto-11.0.15\bin\msvcp140.dll
0x00007ffd71170000 - 0x00007ffd71cf3000 	C:\Users\raque\.jdks\corretto-11.0.15\bin\server\jvm.dll
0x00007ffda4990000 - 0x00007ffda4a3e000 	C:\Windows\System32\ADVAPI32.dll
0x00007ffda45c0000 - 0x00007ffda465c000 	C:\Windows\System32\sechost.dll
0x00007ffda5020000 - 0x00007ffda5145000 	C:\Windows\System32\RPCRT4.dll
0x00007ffda45b0000 - 0x00007ffda45b8000 	C:\Windows\System32\PSAPI.DLL
0x00007ffd97de0000 - 0x00007ffd97e07000 	C:\Windows\SYSTEM32\WINMM.dll
0x00007ffd9b760000 - 0x00007ffd9b76a000 	C:\Windows\SYSTEM32\VERSION.dll
0x00007ffda0d90000 - 0x00007ffda0d99000 	C:\Windows\SYSTEM32\WSOCK32.dll
0x00007ffda4bf0000 - 0x00007ffda4c5b000 	C:\Windows\System32\WS2_32.dll
0x00007ffda1420000 - 0x00007ffda1432000 	C:\Windows\SYSTEM32\kernel.appcore.dll
0x00007ffd9e610000 - 0x00007ffd9e620000 	C:\Users\raque\.jdks\corretto-11.0.15\bin\verify.dll
0x00007ffd9a360000 - 0x00007ffd9a544000 	C:\Windows\SYSTEM32\DBGHELP.DLL
0x00007ffd90770000 - 0x00007ffd9079c000 	C:\Windows\SYSTEM32\dbgcore.DLL
0x00007ffda3570000 - 0x00007ffda35f2000 	C:\Windows\System32\bcryptPrimitives.dll
0x00007ffd92080000 - 0x00007ffd920a8000 	C:\Users\raque\.jdks\corretto-11.0.15\bin\java.dll
0x00007ffd9e5e0000 - 0x00007ffd9e5ea000 	C:\Users\raque\.jdks\corretto-11.0.15\bin\jimage.dll
0x00007ffda0db0000 - 0x00007ffda0dbe000 	C:\Users\raque\.jdks\corretto-11.0.15\bin\instrument.dll
0x00007ffd92060000 - 0x00007ffd92078000 	C:\Users\raque\.jdks\corretto-11.0.15\bin\zip.dll
0x00007ffda5230000 - 0x00007ffda5974000 	C:\Windows\System32\SHELL32.dll
0x00007ffda1620000 - 0x00007ffda1db4000 	C:\Windows\SYSTEM32\windows.storage.dll
0x00007ffda4c60000 - 0x00007ffda4fb4000 	C:\Windows\System32\combase.dll
0x00007ffda2df0000 - 0x00007ffda2e1c000 	C:\Windows\SYSTEM32\Wldp.dll
0x00007ffda48e0000 - 0x00007ffda498d000 	C:\Windows\System32\SHCORE.dll
0x00007ffda5a40000 - 0x00007ffda5a95000 	C:\Windows\System32\shlwapi.dll
0x00007ffda3480000 - 0x00007ffda349f000 	C:\Windows\SYSTEM32\profapi.dll
0x00007ffd885b0000 - 0x00007ffd885c9000 	C:\Users\raque\.jdks\corretto-11.0.15\bin\net.dll
0x00007ffd9d780000 - 0x00007ffd9d88a000 	C:\Windows\SYSTEM32\WINHTTP.dll
0x00007ffda2bd0000 - 0x00007ffda2c3a000 	C:\Windows\system32\mswsock.dll
0x00007ffd85b90000 - 0x00007ffd85ba3000 	C:\Users\raque\.jdks\corretto-11.0.15\bin\nio.dll
0x00007ffd9c2b0000 - 0x00007ffd9c2ca000 	S:\AppPrograming\IntelliJ\IntelliJ IDEA 2022.1.1\bin\breakgen64.dll
0x00007ffda2920000 - 0x00007ffda29eb000 	C:\Windows\SYSTEM32\DNSAPI.dll
0x00007ffda28e0000 - 0x00007ffda291b000 	C:\Windows\SYSTEM32\IPHLPAPI.DLL
0x00007ffda5d80000 - 0x00007ffda5d88000 	C:\Windows\System32\NSI.dll
0x00007ffd97dd0000 - 0x00007ffd97dda000 	C:\Windows\System32\rasadhlp.dll
0x00007ffd980b0000 - 0x00007ffd98130000 	C:\Windows\System32\fwpuclnt.dll
0x00007ffda3bb0000 - 0x00007ffda3bd7000 	C:\Windows\System32\bcrypt.dll
0x00007ffd9dd10000 - 0x00007ffd9dd19000 	C:\Users\raque\.jdks\corretto-11.0.15\bin\management.dll
0x00007ffd9dd20000 - 0x00007ffd9dd2b000 	C:\Users\raque\.jdks\corretto-11.0.15\bin\management_ext.dll
0x00007ffda2e30000 - 0x00007ffda2e48000 	C:\Windows\SYSTEM32\CRYPTSP.dll
0x00007ffda2570000 - 0x00007ffda25a4000 	C:\Windows\system32\rsaenh.dll
0x00007ffda3440000 - 0x00007ffda346e000 	C:\Windows\SYSTEM32\USERENV.dll
0x00007ffda2d60000 - 0x00007ffda2d6c000 	C:\Windows\SYSTEM32\CRYPTBASE.dll
0x00007ffd9d160000 - 0x00007ffd9d177000 	C:\Windows\SYSTEM32\dhcpcsvc6.DLL
0x00007ffd9d120000 - 0x00007ffd9d13d000 	C:\Windows\SYSTEM32\dhcpcsvc.DLL
0x00007ffd8c8f0000 - 0x00007ffd8c907000 	C:\Windows\system32\napinsp.dll
0x00007ffd8c8d0000 - 0x00007ffd8c8eb000 	C:\Windows\system32\pnrpnsp.dll
0x00007ffd8c8b0000 - 0x00007ffd8c8c5000 	C:\Windows\system32\wshbth.dll
0x00007ffd9ffa0000 - 0x00007ffd9ffbd000 	C:\Windows\system32\NLAapi.dll
0x00007ffd8c890000 - 0x00007ffd8c8a2000 	C:\Windows\System32\winrnr.dll
0x00007ffd97c70000 - 0x00007ffd97c95000 	C:\Users\raque\.jdks\corretto-11.0.15\bin\sunec.dll
0x00007ffd9b9c0000 - 0x00007ffd9b9ce000 	C:\Users\raque\.jdks\corretto-11.0.15\bin\sunmscapi.dll
0x00007ffda3a50000 - 0x00007ffda3ba6000 	C:\Windows\System32\CRYPT32.dll
0x00007ffda2f40000 - 0x00007ffda2f67000 	C:\Windows\SYSTEM32\ncrypt.dll
0x00007ffda2f00000 - 0x00007ffda2f3b000 	C:\Windows\SYSTEM32\NTASN1.dll

dbghelp: loaded successfully - version: 4.0.5 - missing functions: none
symbol engine: initialized successfully - sym options: 0x614 - pdb path: .;C:\Users\raque\.jdks\corretto-11.0.15\bin;C:\Windows\SYSTEM32;C:\Windows\WinSxS\amd64_microsoft.windows.common-controls_6595b64144ccf1df_6.0.19041.1110_none_60b5254171f9507e;C:\Users\raque\.jdks\corretto-11.0.15\bin\server;S:\AppPrograming\IntelliJ\IntelliJ IDEA 2022.1.1\bin

VM Arguments:
jvm_args: -XX:TieredStopAtLevel=1 -Xverify:none -Dspring.output.ansi.enabled=always -Dcom.sun.management.jmxremote -Dspring.jmx.enabled=true -Dspring.liveBeansView.mbeanDomain -Dspring.application.admin.enabled=true -javaagent:S:\AppPrograming\IntelliJ\IntelliJ IDEA 2022.1.1\lib\idea_rt.jar=53985:S:\AppPrograming\IntelliJ\IntelliJ IDEA 2022.1.1\bin -Dfile.encoding=UTF-8 
java_command: com.co.ias.Handyman.HandymanApplication
java_class_path (initial): S:\IASsemillero\Handyman\build\classes\java\main;S:\IASsemillero\Handyman\build\resources\main;C:\Users\raque\.gradle\caches\modules-2\files-2.1\org.springframework.boot\spring-boot-starter-web\2.6.7\d877d6b14397f0c4b3a1611149a37eaf47f32195\spring-boot-starter-web-2.6.7.jar;C:\Users\raque\.gradle\caches\modules-2\files-2.1\org.apache.commons\commons-lang3\3.12.0\c6842c86792ff03b9f1d1fe2aab8dc23aa6c6f0e\commons-lang3-3.12.0.jar;C:\Users\raque\.gradle\caches\modules-2\files-2.1\org.springframework.boot\spring-boot-starter-data-jpa\2.6.7\c67c8556deb506677da64cac10c6e4edcff41847\spring-boot-starter-data-jpa-2.6.7.jar;C:\Users\raque\.gradle\caches\modules-2\files-2.1\com.zaxxer\HikariCP\5.0.1\a74c7f0a37046846e88d54f7cb6ea6d565c65f9c\HikariCP-5.0.1.jar;C:\Users\raque\.gradle\caches\modules-2\files-2.1\org.postgresql\postgresql\42.3.3\6f639af368afda4c5a3e77a6299262c501e67076\postgresql-42.3.3.jar;C:\Users\raque\.gradle\caches\modules-2\files-2.1\org.springframework.boot\spring-boot-starter-json\2.6.7\6f50e3003a0fff41ff571d52041146a19010761c\spring-boot-starter-json-2.6.7.jar;C:\Users\raque\.gradle\caches\modules-2\files-2.1\org.springframework.boot\spring-boot-starter\2.6.7\59bd62cd60e6e7bb2a525931947c13548b207288\spring-boot-starter-2.6.7.jar;C:\Users\raque\.gradle\caches\modules-2\files-2.1\org.springframework.boot\spring-boot-starter-tomcat\2.6.7\22b09d173a3ca971e2f344229c13a105695ee45c\spring-boot-starter-tomcat-2.6.7.jar;C:\Users\raque\.gradle\caches\modules-2\files-2.1\org.springframework\spring-webmvc\5.3.19\ba2fc03a3bcc925458e1179ef88f5833fb1971d\spring-webmvc-5.3.19.jar;C:\Users\raque\.gradle\caches\modules-2\files-2.1\org.springframework\spring-web\5.3.19\cdffc649d28d360d5891244e45277aa135ac647d\spring-web-5.3.19.jar;C:\Users\raque\.gradle\caches\modules-2\files-2.1\org.springframework.boot\spring-boot-starter-jdbc\2.6.7\59b45ed0a157283ecbdf76fc30805a80aae6cfb7\spring-boot-starter-jdbc-2.6.7.jar;C:\Users\raque\.gradle\caches\modules-2
Launcher Type: SUN_STANDARD

[Global flags]
     bool BytecodeVerificationLocal                = false                                     {product} {command line}
     bool BytecodeVerificationRemote               = false                                     {product} {command line}
     intx CICompilerCount                          = 3                                         {product} {ergonomic}
     uint ConcGCThreads                            = 1                                         {product} {ergonomic}
     uint G1ConcRefinementThreads                  = 4                                         {product} {ergonomic}
   size_t G1HeapRegionSize                         = 1048576                                   {product} {ergonomic}
    uintx GCDrainStackTargetSize                   = 64                                        {product} {ergonomic}
   size_t InitialHeapSize                          = 234881024                                 {product} {ergonomic}
     bool ManagementServer                         = true                                      {product} {command line}
   size_t MarkStackSize                            = 4194304                                   {product} {ergonomic}
   size_t MaxHeapSize                              = 3741319168                                {product} {ergonomic}
   size_t MaxNewSize                               = 2243952640                                {product} {ergonomic}
   size_t MinHeapDeltaBytes                        = 1048576                                   {product} {ergonomic}
    uintx NonNMethodCodeHeapSize                   = 6973028                                {pd product} {ergonomic}
    uintx NonProfiledCodeHeapSize                  = 244685212                              {pd product} {ergonomic}
    uintx ProfiledCodeHeapSize                     = 0                                      {pd product} {ergonomic}
    uintx ReservedCodeCacheSize                    = 251658240                              {pd product} {ergonomic}
     bool SegmentedCodeCache                       = true                                      {product} {ergonomic}
     intx TieredStopAtLevel                        = 1                                         {product} {command line}
     bool UseCompressedClassPointers               = true                                 {lp64_product} {ergonomic}
     bool UseCompressedOops                        = true                                 {lp64_product} {ergonomic}
     bool UseG1GC                                  = true                                      {product} {ergonomic}
     bool UseLargePagesIndividualAllocation        = false                                  {pd product} {ergonomic}

Logging:
Log output configuration:
 #0: stdout all=warning uptime,level,tags
 #1: stderr all=off uptime,level,tags

Environment Variables:
JAVA_HOME=S:\JAVA\jdk17
PATH=C:\Program Files (x86)\Common Files\Oracle\Java\javapath;C:\Python310\Scripts\;C:\Python310\;C:\Program Files\Python39\Scripts\;C:\Program Files\Python39\;C:\Windows\system32;C:\Windows;C:\Windows\System32\Wbem;C:\Windows\System32\WindowsPowerShell\v1.0\;C:\Windows\System32\OpenSSH\;S:\AppPrograming\xampp\php;C:\ProgramData\ComposerSetup\bin;C:\ProgramData\chocolatey\bin;S:\AppPrograming\Node\;C:\Program Files\MongoDB\Server\5.0\bin;S:\MongoDB\mongosh-1.3.0-win32-x64\bin;;C:\Program Files\Docker\Docker\resources\bin;C:\ProgramData\DockerDesktop\version-bin;C:\Users\raque\AppData\Local\Microsoft\WindowsApps;S:\AppPrograming\xampp\php;E:\Programas E\Git\Git\cmd;C:\Users\raque\AppData\Local\GitHubDesktop\bin;C:\Users\raque\spicetify-cli;C:\Users\raque\AppData\Roaming\npm;S:\AppPrograming\VSCode\Microsoft VS Code\bin
USERNAME=raque
OS=Windows_NT
PROCESSOR_IDENTIFIER=AMD64 Family 23 Model 24 Stepping 1, AuthenticAMD



---------------  S Y S T E M  ---------------

OS: Windows 10 , 64 bit Build 19041 (10.0.19041.1706)
OS uptime: 3 days 6:53 hours
Hyper-V role detected

CPU:total 4 (initial active 4) (4 cores per cpu, 1 threads per core) family 23 model 24 stepping 1 microcode 0x0, cmov, cx8, fxsr, mmx, sse, sse2, sse3, ssse3, sse4.1, sse4.2, popcnt, avx, avx2, aes, clmul, mmxext, 3dnowpref, lzcnt, sse4a, tsc, tscinvbit, tscinv, bmi1, bmi2, adx, sha, fma

Memory: 4k page, system-wide physical 14270M (1679M free)
TotalPageFile size 14270M (AvailPageFile size 33M)
current process WorkingSet (physical memory assigned to process): 209M, peak: 209M
current process commit charge ("private bytes"): 349M, peak: 394M

vm_info: OpenJDK 64-Bit Server VM (11.0.15+9-LTS) for windows-amd64 JRE (11.0.15+9-LTS), built on Apr 15 2022 22:20:31 by "Administrator" with unknown MS VC++:1916

END.
