#
# There is insufficient memory for the Java Runtime Environment to continue.
# Native memory allocation (malloc) failed to allocate 1048576 bytes for AllocateHeap
# Possible reasons:
#   The system is out of physical RAM or swap space
#   The process is running with CompressedOops enabled, and the Java Heap may be blocking the growth of the native heap
# Possible solutions:
#   Reduce memory load on the system
#   Increase physical memory or swap space
#   Check if swap backing store is full
#   Decrease Java heap size (-Xmx/-Xms)
#   Decrease number of Java threads
#   Decrease Java thread stack sizes (-Xss)
#   Set larger code cache with -XX:ReservedCodeCacheSize=
#   JVM is running with Zero Based Compressed Oops mode in which the Java heap is
#     placed in the first 32GB address space. The Java Heap base address is the
#     maximum limit for the native heap growth. Please use -XX:HeapBaseMinAddress
#     to set the Java Heap base and to place the Java Heap above 32GB virtual address.
# This output file may be truncated or incomplete.
#
#  Out of Memory Error (./src/hotspot/share/memory/allocation.cpp:46), pid=3924, tid=14576
#
# JRE version: OpenJDK Runtime Environment Corretto-11.0.15.9.1 (11.0.15+9) (build 11.0.15+9-LTS)
# Java VM: OpenJDK 64-Bit Server VM Corretto-11.0.15.9.1 (11.0.15+9-LTS, mixed mode, tiered, compressed oops, g1 gc, windows-amd64)
# No core dump will be written. Minidumps are not enabled by default on client versions of Windows
#

---------------  S U M M A R Y ------------

Command Line: -XX:TieredStopAtLevel=1 -Xverify:none -Dspring.output.ansi.enabled=always -Dcom.sun.management.jmxremote -Dspring.jmx.enabled=true -Dspring.liveBeansView.mbeanDomain -Dspring.application.admin.enabled=true -javaagent:S:\AppPrograming\IntelliJ\IntelliJ IDEA 2022.1.1\lib\idea_rt.jar=63627:S:\AppPrograming\IntelliJ\IntelliJ IDEA 2022.1.1\bin -Dfile.encoding=UTF-8 com.co.ias.Handyman.HandymanApplication

Host: AMD Ryzen 3 3200G with Radeon Vega Graphics    , 4 cores, 13G,  Windows 10 , 64 bit Build 19041 (10.0.19041.1706)
Time: Thu May 19 10:33:36 2022 Hora est. Pacífico, Sudamérica elapsed time: 2.811208 seconds (0d 0h 0m 2s)

---------------  T H R E A D  ---------------

Current thread (0x000002373c384000):  VMThread "VM Thread" [stack: 0x000000d0f3400000,0x000000d0f3500000] [id=14576]

Stack: [0x000000d0f3400000,0x000000d0f3500000]
[error occurred during error reporting (printing stack bounds), id 0xc0000005, EXCEPTION_ACCESS_VIOLATION (0xc0000005) at pc=0x0000023721a7112d]

Native frames: (J=compiled Java code, j=interpreted, Vv=VM code, C=native code)
V  [jvm.dll+0x61e7ba]
V  [jvm.dll+0x7ab749]
V  [jvm.dll+0x7ace38]
V  [jvm.dll+0x7ad475]
V  [jvm.dll+0x7ad42b]
V  [jvm.dll+0x61db47]
V  [jvm.dll+0x61e258]
C  [ntdll.dll+0xa209f]
C  [ntdll.dll+0x51454]
C  [ntdll.dll+0xa0bce]
C  0x0000023721a7112d

VM_Operation (0x000000d0f45fbb80): CollectForMetadataAllocation, mode: safepoint, requested by thread 0x000002373d008800


---------------  P R O C E S S  ---------------

Threads class SMR info:
_java_thread_list=0x000002373e21c110, length=20, elements={
0x0000023717aea800, 0x000002373c3a9800, 0x000002373c3b3000, 0x000002373c403800,
0x000002373c404800, 0x000002373c406800, 0x000002373c40e000, 0x000002373c412000,
0x000002373bb3b800, 0x000002373ca11000, 0x000002373cbef000, 0x000002373d005000,
0x000002373d008800, 0x000002373de5c000, 0x000002373de24800, 0x000002373e6ba800,
0x000002373e6bb800, 0x000002373e725800, 0x000002373e726000, 0x000002373e82e800
}

Java Threads: ( => current thread )
  0x0000023717aea800 JavaThread "main" [_thread_blocked, id=13656, stack(0x000000d0f2e00000,0x000000d0f2f00000)]
  0x000002373c3a9800 JavaThread "Reference Handler" daemon [_thread_blocked, id=10656, stack(0x000000d0f3500000,0x000000d0f3600000)]
  0x000002373c3b3000 JavaThread "Finalizer" daemon [_thread_blocked, id=15272, stack(0x000000d0f3600000,0x000000d0f3700000)]
  0x000002373c403800 JavaThread "Signal Dispatcher" daemon [_thread_blocked, id=1796, stack(0x000000d0f3700000,0x000000d0f3800000)]
  0x000002373c404800 JavaThread "Attach Listener" daemon [_thread_blocked, id=11548, stack(0x000000d0f3800000,0x000000d0f3900000)]
  0x000002373c406800 JavaThread "Service Thread" daemon [_thread_blocked, id=4452, stack(0x000000d0f3900000,0x000000d0f3a00000)]
  0x000002373c40e000 JavaThread "C1 CompilerThread0" daemon [_thread_blocked, id=4364, stack(0x000000d0f3a00000,0x000000d0f3b00000)]
  0x000002373c412000 JavaThread "Sweeper thread" daemon [_thread_blocked, id=14988, stack(0x000000d0f3b00000,0x000000d0f3c00000)]
  0x000002373bb3b800 JavaThread "Common-Cleaner" daemon [_thread_blocked, id=7596, stack(0x000000d0f3c00000,0x000000d0f3d00000)]
  0x000002373ca11000 JavaThread "Monitor Ctrl-Break" daemon [_thread_in_native, id=11460, stack(0x000000d0f3d00000,0x000000d0f3e00000)]
  0x000002373cbef000 JavaThread "RMI TCP Accept-0" daemon [_thread_in_native, id=532, stack(0x000000d0f3e00000,0x000000d0f3f00000)]
  0x000002373d005000 JavaThread "Thread-0" [_thread_blocked, id=15740, stack(0x000000d0f4400000,0x000000d0f4500000)]
  0x000002373d008800 JavaThread "restartedMain" [_thread_blocked, id=8748, stack(0x000000d0f4500000,0x000000d0f4600000)]
  0x000002373de5c000 JavaThread "RMI TCP Connection(1)-172.26.80.1" daemon [_thread_in_native, id=13008, stack(0x000000d0f4700000,0x000000d0f4800000)]
  0x000002373de24800 JavaThread "RMI Scheduler(0)" daemon [_thread_blocked, id=7420, stack(0x000000d0f4800000,0x000000d0f4900000)]
  0x000002373e6ba800 JavaThread "Catalina-utility-1" [_thread_blocked, id=4464, stack(0x000000d0f4600000,0x000000d0f4700000)]
  0x000002373e6bb800 JavaThread "Catalina-utility-2" [_thread_blocked, id=9856, stack(0x000000d0f4900000,0x000000d0f4a00000)]
  0x000002373e725800 JavaThread "container-0" [_thread_blocked, id=1392, stack(0x000000d0f4a00000,0x000000d0f4b00000)]
  0x000002373e726000 JavaThread "HikariPool-1 housekeeper" daemon [_thread_blocked, id=11824, stack(0x000000d0f4c00000,0x000000d0f4d00000)]
  0x000002373e82e800 JavaThread "HikariPool-1 connection adder" daemon [_thread_blocked, id=7836, stack(0x000000d0f4d00000,0x000000d0f4e00000)]

Other Threads:
=>0x000002373c384000 VMThread "VM Thread" [stack: 0x000000d0f3400000,0x000000d0f3500000] [id=14576]
  0x000002373cc13800 WatcherThread [stack: 0x000000d0f3f00000,0x000000d0f4000000] [id=15056]
  0x0000023717b04000 GCTaskThread "GC Thread#0" [stack: 0x000000d0f2f00000,0x000000d0f3000000] [id=10452]
  0x000002373ccda000 GCTaskThread "GC Thread#1" [stack: 0x000000d0f4000000,0x000000d0f4100000] [id=1608]
  0x000002373ccaa800 GCTaskThread "GC Thread#2" [stack: 0x000000d0f4100000,0x000000d0f4200000] [id=12612]
  0x000002373cf61800 GCTaskThread "GC Thread#3" [stack: 0x000000d0f4200000,0x000000d0f4300000] [id=1384]
  0x0000023717b56800 ConcurrentGCThread "G1 Main Marker" [stack: 0x000000d0f3000000,0x000000d0f3100000] [id=7332]
  0x0000023717b58000 ConcurrentGCThread "G1 Conc#0" [stack: 0x000000d0f3100000,0x000000d0f3200000] [id=14620]
  0x000002373b9e6800 ConcurrentGCThread "G1 Refine#0" [stack: 0x000000d0f3200000,0x000000d0f3300000] [id=1040]
  0x000002373cb4e000 ConcurrentGCThread "G1 Refine#1" [stack: 0x000000d0f4300000,0x000000d0f4400000] [id=16140]
  0x000002373b9ea000 ConcurrentGCThread "G1 Young RemSet Sampling" [stack: 0x000000d0f3300000,0x000000d0f3400000] [id=10280]

Threads with active compile tasks:

VM state:at safepoint (normal execution)

VM Mutex/Monitor currently owned by a thread:  ([mutex/lock_event])
[0x0000023717ae7670] Threads_lock - owner thread: 0x000002373c384000
[0x0000023717ae6ce0] Heap_lock - owner thread: 0x000002373d008800

Heap address: 0x0000000721000000, size: 3568 MB, Compressed Oops mode: Zero based, Oop shift amount: 3
Narrow klass base: 0x0000000800000000, Narrow klass shift: 0
Compressed class space size: 1073741824 Address: 0x0000000800000000

Heap:
 garbage-first heap   total 275456K, used 17143K [0x0000000721000000, 0x0000000800000000)
  region size 1024K, 9 young (9216K), 9 survivors (9216K)
 Metaspace       used 40080K, capacity 41460K, committed 41500K, reserved 1095680K
  class space    used 4965K, capacity 5542K, committed 5580K, reserved 1048576K
Heap Regions: E=young(eden), S=young(survivor), O=old, HS=humongous(starts), HC=humongous(continues), CS=collection set, F=free, A=archive, TAMS=top-at-mark-start (previous, next)
|   0|0x0000000721000000, 0x0000000721100000, 0x0000000721100000|100%|HS|  |TAMS 0x0000000721100000, 0x0000000721100000| Complete 
|   1|0x0000000721100000, 0x0000000721200000, 0x0000000721200000|100%| O|  |TAMS 0x0000000721200000, 0x0000000721200000| Untracked 
|   2|0x0000000721200000, 0x0000000721300000, 0x0000000721300000|100%| O|  |TAMS 0x0000000721300000, 0x0000000721300000| Untracked 
|   3|0x0000000721300000, 0x0000000721400000, 0x0000000721400000|100%| O|  |TAMS 0x0000000721400000, 0x0000000721400000| Untracked 
|   4|0x0000000721400000, 0x0000000721500000, 0x0000000721500000|100%| O|  |TAMS 0x0000000721500000, 0x0000000721500000| Untracked 
|   5|0x0000000721500000, 0x0000000721600000, 0x0000000721600000|100%| O|  |TAMS 0x0000000721600000, 0x0000000721600000| Untracked 
|   6|0x0000000721600000, 0x0000000721700000, 0x0000000721700000|100%| O|  |TAMS 0x0000000721613000, 0x0000000721700000| Untracked 
|   7|0x0000000721700000, 0x00000007217bde00, 0x0000000721800000| 74%| O|  |TAMS 0x0000000721700000, 0x00000007217bde00| Untracked 
|   8|0x0000000721800000, 0x0000000721800000, 0x0000000721900000|  0%| F|  |TAMS 0x0000000721800000, 0x0000000721800000| Untracked 
|   9|0x0000000721900000, 0x0000000721900000, 0x0000000721a00000|  0%| F|  |TAMS 0x0000000721900000, 0x0000000721900000| Untracked 
|  10|0x0000000721a00000, 0x0000000721a00000, 0x0000000721b00000|  0%| F|  |TAMS 0x0000000721a00000, 0x0000000721a00000| Untracked 
|  11|0x0000000721b00000, 0x0000000721b00000, 0x0000000721c00000|  0%| F|  |TAMS 0x0000000721b00000, 0x0000000721b00000| Untracked 
|  12|0x0000000721c00000, 0x0000000721c00000, 0x0000000721d00000|  0%| F|  |TAMS 0x0000000721c00000, 0x0000000721c00000| Untracked 
|  13|0x0000000721d00000, 0x0000000721d00000, 0x0000000721e00000|  0%| F|  |TAMS 0x0000000721d00000, 0x0000000721d00000| Untracked 
|  14|0x0000000721e00000, 0x0000000721e00000, 0x0000000721f00000|  0%| F|  |TAMS 0x0000000721e00000, 0x0000000721e00000| Untracked 
|  15|0x0000000721f00000, 0x0000000721f00000, 0x0000000722000000|  0%| F|  |TAMS 0x0000000721f00000, 0x0000000721f00000| Untracked 
|  16|0x0000000722000000, 0x0000000722000000, 0x0000000722100000|  0%| F|  |TAMS 0x0000000722000000, 0x0000000722000000| Untracked 
|  17|0x0000000722100000, 0x0000000722100000, 0x0000000722200000|  0%| F|  |TAMS 0x0000000722100000, 0x0000000722100000| Untracked 
|  18|0x0000000722200000, 0x0000000722200000, 0x0000000722300000|  0%| F|  |TAMS 0x0000000722200000, 0x0000000722200000| Untracked 
|  19|0x0000000722300000, 0x0000000722300000, 0x0000000722400000|  0%| F|  |TAMS 0x0000000722300000, 0x0000000722300000| Untracked 
|  20|0x0000000722400000, 0x0000000722400000, 0x0000000722500000|  0%| F|  |TAMS 0x0000000722400000, 0x0000000722400000| Untracked 
|  21|0x0000000722500000, 0x0000000722500000, 0x0000000722600000|  0%| F|  |TAMS 0x0000000722500000, 0x0000000722500000| Untracked 
|  22|0x0000000722600000, 0x0000000722600000, 0x0000000722700000|  0%| F|  |TAMS 0x0000000722600000, 0x0000000722600000| Untracked 
|  23|0x0000000722700000, 0x0000000722700000, 0x0000000722800000|  0%| F|  |TAMS 0x0000000722700000, 0x0000000722700000| Untracked 
|  24|0x0000000722800000, 0x0000000722800000, 0x0000000722900000|  0%| F|  |TAMS 0x0000000722800000, 0x0000000722800000| Untracked 
|  25|0x0000000722900000, 0x0000000722900000, 0x0000000722a00000|  0%| F|  |TAMS 0x0000000722900000, 0x0000000722900000| Untracked 
|  26|0x0000000722a00000, 0x0000000722a00000, 0x0000000722b00000|  0%| F|  |TAMS 0x0000000722a00000, 0x0000000722a00000| Untracked 
|  27|0x0000000722b00000, 0x0000000722b00000, 0x0000000722c00000|  0%| F|  |TAMS 0x0000000722b00000, 0x0000000722b00000| Untracked 
|  28|0x0000000722c00000, 0x0000000722c00000, 0x0000000722d00000|  0%| F|  |TAMS 0x0000000722c00000, 0x0000000722c00000| Untracked 
|  29|0x0000000722d00000, 0x0000000722d00000, 0x0000000722e00000|  0%| F|  |TAMS 0x0000000722d00000, 0x0000000722d00000| Untracked 
|  30|0x0000000722e00000, 0x0000000722e00000, 0x0000000722f00000|  0%| F|  |TAMS 0x0000000722e00000, 0x0000000722e00000| Untracked 
|  31|0x0000000722f00000, 0x0000000722f00000, 0x0000000723000000|  0%| F|  |TAMS 0x0000000722f00000, 0x0000000722f00000| Untracked 
|  32|0x0000000723000000, 0x0000000723000000, 0x0000000723100000|  0%| F|  |TAMS 0x0000000723000000, 0x0000000723000000| Untracked 
|  33|0x0000000723100000, 0x0000000723100000, 0x0000000723200000|  0%| F|  |TAMS 0x0000000723100000, 0x0000000723100000| Untracked 
|  34|0x0000000723200000, 0x0000000723200000, 0x0000000723300000|  0%| F|  |TAMS 0x0000000723200000, 0x0000000723200000| Untracked 
|  35|0x0000000723300000, 0x0000000723300000, 0x0000000723400000|  0%| F|  |TAMS 0x0000000723300000, 0x0000000723300000| Untracked 
|  36|0x0000000723400000, 0x0000000723400000, 0x0000000723500000|  0%| F|  |TAMS 0x0000000723400000, 0x0000000723400000| Untracked 
|  37|0x0000000723500000, 0x0000000723500000, 0x0000000723600000|  0%| F|  |TAMS 0x0000000723500000, 0x0000000723500000| Untracked 
|  38|0x0000000723600000, 0x0000000723600000, 0x0000000723700000|  0%| F|  |TAMS 0x0000000723600000, 0x0000000723600000| Untracked 
|  39|0x0000000723700000, 0x0000000723700000, 0x0000000723800000|  0%| F|  |TAMS 0x0000000723700000, 0x0000000723700000| Untracked 
|  40|0x0000000723800000, 0x0000000723800000, 0x0000000723900000|  0%| F|  |TAMS 0x0000000723800000, 0x0000000723800000| Untracked 
|  41|0x0000000723900000, 0x0000000723900000, 0x0000000723a00000|  0%| F|  |TAMS 0x0000000723900000, 0x0000000723900000| Untracked 
|  42|0x0000000723a00000, 0x0000000723a00000, 0x0000000723b00000|  0%| F|  |TAMS 0x0000000723a00000, 0x0000000723a00000| Untracked 
|  43|0x0000000723b00000, 0x0000000723b00000, 0x0000000723c00000|  0%| F|  |TAMS 0x0000000723b00000, 0x0000000723b00000| Untracked 
|  44|0x0000000723c00000, 0x0000000723c00000, 0x0000000723d00000|  0%| F|  |TAMS 0x0000000723c00000, 0x0000000723c00000| Untracked 
|  45|0x0000000723d00000, 0x0000000723d00000, 0x0000000723e00000|  0%| F|  |TAMS 0x0000000723d00000, 0x0000000723d00000| Untracked 
|  46|0x0000000723e00000, 0x0000000723e00000, 0x0000000723f00000|  0%| F|  |TAMS 0x0000000723e00000, 0x0000000723e00000| Untracked 
|  47|0x0000000723f00000, 0x0000000723f00000, 0x0000000724000000|  0%| F|  |TAMS 0x0000000723f00000, 0x0000000723f00000| Untracked 
|  48|0x0000000724000000, 0x0000000724000000, 0x0000000724100000|  0%| F|  |TAMS 0x0000000724000000, 0x0000000724000000| Untracked 
|  49|0x0000000724100000, 0x0000000724100000, 0x0000000724200000|  0%| F|  |TAMS 0x0000000724100000, 0x0000000724100000| Untracked 
|  50|0x0000000724200000, 0x0000000724200000, 0x0000000724300000|  0%| F|  |TAMS 0x0000000724200000, 0x0000000724200000| Untracked 
|  51|0x0000000724300000, 0x0000000724300000, 0x0000000724400000|  0%| F|  |TAMS 0x0000000724300000, 0x0000000724300000| Untracked 
|  52|0x0000000724400000, 0x0000000724400000, 0x0000000724500000|  0%| F|  |TAMS 0x0000000724400000, 0x0000000724400000| Untracked 
|  53|0x0000000724500000, 0x0000000724500000, 0x0000000724600000|  0%| F|  |TAMS 0x0000000724500000, 0x0000000724500000| Untracked 
|  54|0x0000000724600000, 0x0000000724600000, 0x0000000724700000|  0%| F|  |TAMS 0x0000000724600000, 0x0000000724600000| Untracked 
|  55|0x0000000724700000, 0x0000000724700000, 0x0000000724800000|  0%| F|  |TAMS 0x0000000724700000, 0x0000000724700000| Untracked 
|  56|0x0000000724800000, 0x0000000724800000, 0x0000000724900000|  0%| F|  |TAMS 0x0000000724800000, 0x0000000724800000| Untracked 
|  57|0x0000000724900000, 0x0000000724900000, 0x0000000724a00000|  0%| F|  |TAMS 0x0000000724900000, 0x0000000724900000| Untracked 
|  58|0x0000000724a00000, 0x0000000724a00000, 0x0000000724b00000|  0%| F|  |TAMS 0x0000000724a00000, 0x0000000724a00000| Untracked 
|  59|0x0000000724b00000, 0x0000000724b00000, 0x0000000724c00000|  0%| F|  |TAMS 0x0000000724b00000, 0x0000000724b00000| Untracked 
|  60|0x0000000724c00000, 0x0000000724c00000, 0x0000000724d00000|  0%| F|  |TAMS 0x0000000724c00000, 0x0000000724c00000| Untracked 
|  61|0x0000000724d00000, 0x0000000724d00000, 0x0000000724e00000|  0%| F|  |TAMS 0x0000000724d00000, 0x0000000724d00000| Untracked 
|  62|0x0000000724e00000, 0x0000000724e00000, 0x0000000724f00000|  0%| F|  |TAMS 0x0000000724e00000, 0x0000000724e00000| Untracked 
|  63|0x0000000724f00000, 0x0000000724f00000, 0x0000000725000000|  0%| F|  |TAMS 0x0000000724f00000, 0x0000000724f00000| Untracked 
|  64|0x0000000725000000, 0x0000000725000000, 0x0000000725100000|  0%| F|  |TAMS 0x0000000725000000, 0x0000000725000000| Untracked 
|  65|0x0000000725100000, 0x0000000725100000, 0x0000000725200000|  0%| F|  |TAMS 0x0000000725100000, 0x0000000725100000| Untracked 
|  66|0x0000000725200000, 0x0000000725200000, 0x0000000725300000|  0%| F|  |TAMS 0x0000000725200000, 0x0000000725200000| Untracked 
|  67|0x0000000725300000, 0x0000000725300000, 0x0000000725400000|  0%| F|  |TAMS 0x0000000725300000, 0x0000000725300000| Untracked 
|  68|0x0000000725400000, 0x0000000725400000, 0x0000000725500000|  0%| F|  |TAMS 0x0000000725400000, 0x0000000725400000| Untracked 
|  69|0x0000000725500000, 0x0000000725500000, 0x0000000725600000|  0%| F|  |TAMS 0x0000000725500000, 0x0000000725500000| Untracked 
|  70|0x0000000725600000, 0x0000000725600000, 0x0000000725700000|  0%| F|  |TAMS 0x0000000725600000, 0x0000000725600000| Untracked 
|  71|0x0000000725700000, 0x0000000725700000, 0x0000000725800000|  0%| F|  |TAMS 0x0000000725700000, 0x0000000725700000| Untracked 
|  72|0x0000000725800000, 0x0000000725800000, 0x0000000725900000|  0%| F|  |TAMS 0x0000000725800000, 0x0000000725800000| Untracked 
|  73|0x0000000725900000, 0x0000000725900000, 0x0000000725a00000|  0%| F|  |TAMS 0x0000000725900000, 0x0000000725900000| Untracked 
|  74|0x0000000725a00000, 0x0000000725a00000, 0x0000000725b00000|  0%| F|  |TAMS 0x0000000725a00000, 0x0000000725a00000| Untracked 
|  75|0x0000000725b00000, 0x0000000725b00000, 0x0000000725c00000|  0%| F|  |TAMS 0x0000000725b00000, 0x0000000725b00000| Untracked 
|  76|0x0000000725c00000, 0x0000000725c00000, 0x0000000725d00000|  0%| F|  |TAMS 0x0000000725c00000, 0x0000000725c00000| Untracked 
|  77|0x0000000725d00000, 0x0000000725d00000, 0x0000000725e00000|  0%| F|  |TAMS 0x0000000725d00000, 0x0000000725d00000| Untracked 
|  78|0x0000000725e00000, 0x0000000725e00000, 0x0000000725f00000|  0%| F|  |TAMS 0x0000000725e00000, 0x0000000725e00000| Untracked 
|  79|0x0000000725f00000, 0x0000000725f00000, 0x0000000726000000|  0%| F|  |TAMS 0x0000000725f00000, 0x0000000725f00000| Untracked 
|  80|0x0000000726000000, 0x0000000726000000, 0x0000000726100000|  0%| F|  |TAMS 0x0000000726000000, 0x0000000726000000| Untracked 
|  81|0x0000000726100000, 0x0000000726100000, 0x0000000726200000|  0%| F|  |TAMS 0x0000000726100000, 0x0000000726100000| Untracked 
|  82|0x0000000726200000, 0x0000000726200000, 0x0000000726300000|  0%| F|  |TAMS 0x0000000726200000, 0x0000000726200000| Untracked 
|  83|0x0000000726300000, 0x0000000726300000, 0x0000000726400000|  0%| F|  |TAMS 0x0000000726300000, 0x0000000726300000| Untracked 
|  84|0x0000000726400000, 0x0000000726400000, 0x0000000726500000|  0%| F|  |TAMS 0x0000000726400000, 0x0000000726400000| Untracked 
|  85|0x0000000726500000, 0x0000000726500000, 0x0000000726600000|  0%| F|  |TAMS 0x0000000726500000, 0x0000000726500000| Untracked 
|  86|0x0000000726600000, 0x0000000726600000, 0x0000000726700000|  0%| F|  |TAMS 0x0000000726600000, 0x0000000726600000| Untracked 
|  87|0x0000000726700000, 0x0000000726700000, 0x0000000726800000|  0%| F|  |TAMS 0x0000000726700000, 0x0000000726700000| Untracked 
|  88|0x0000000726800000, 0x0000000726800000, 0x0000000726900000|  0%| F|  |TAMS 0x0000000726800000, 0x0000000726800000| Untracked 
|  89|0x0000000726900000, 0x0000000726900000, 0x0000000726a00000|  0%| F|  |TAMS 0x0000000726900000, 0x0000000726900000| Untracked 
|  90|0x0000000726a00000, 0x0000000726a00000, 0x0000000726b00000|  0%| F|  |TAMS 0x0000000726a00000, 0x0000000726a00000| Untracked 
|  91|0x0000000726b00000, 0x0000000726b00000, 0x0000000726c00000|  0%| F|  |TAMS 0x0000000726b00000, 0x0000000726b00000| Untracked 
|  92|0x0000000726c00000, 0x0000000726c00000, 0x0000000726d00000|  0%| F|  |TAMS 0x0000000726c00000, 0x0000000726c00000| Untracked 
|  93|0x0000000726d00000, 0x0000000726d00000, 0x0000000726e00000|  0%| F|  |TAMS 0x0000000726d00000, 0x0000000726d00000| Untracked 
|  94|0x0000000726e00000, 0x0000000726e00000, 0x0000000726f00000|  0%| F|  |TAMS 0x0000000726e00000, 0x0000000726e00000| Untracked 
|  95|0x0000000726f00000, 0x0000000726f00000, 0x0000000727000000|  0%| F|  |TAMS 0x0000000726f00000, 0x0000000726f00000| Untracked 
|  96|0x0000000727000000, 0x0000000727000000, 0x0000000727100000|  0%| F|  |TAMS 0x0000000727000000, 0x0000000727000000| Untracked 
|  97|0x0000000727100000, 0x0000000727100000, 0x0000000727200000|  0%| F|  |TAMS 0x0000000727100000, 0x0000000727100000| Untracked 
|  98|0x0000000727200000, 0x0000000727200000, 0x0000000727300000|  0%| F|  |TAMS 0x0000000727200000, 0x0000000727200000| Untracked 
|  99|0x0000000727300000, 0x0000000727300000, 0x0000000727400000|  0%| F|  |TAMS 0x0000000727300000, 0x0000000727300000| Untracked 
| 100|0x0000000727400000, 0x0000000727400000, 0x0000000727500000|  0%| F|  |TAMS 0x0000000727400000, 0x0000000727400000| Untracked 
| 101|0x0000000727500000, 0x0000000727500000, 0x0000000727600000|  0%| F|  |TAMS 0x0000000727500000, 0x0000000727500000| Untracked 
| 102|0x0000000727600000, 0x0000000727600000, 0x0000000727700000|  0%| F|  |TAMS 0x0000000727600000, 0x0000000727600000| Untracked 
| 103|0x0000000727700000, 0x0000000727700000, 0x0000000727800000|  0%| F|  |TAMS 0x0000000727700000, 0x0000000727700000| Untracked 
| 104|0x0000000727800000, 0x0000000727800000, 0x0000000727900000|  0%| F|  |TAMS 0x0000000727800000, 0x0000000727800000| Untracked 
| 105|0x0000000727900000, 0x0000000727900000, 0x0000000727a00000|  0%| F|  |TAMS 0x0000000727900000, 0x0000000727900000| Untracked 
| 106|0x0000000727a00000, 0x0000000727a00000, 0x0000000727b00000|  0%| F|  |TAMS 0x0000000727a00000, 0x0000000727a00000| Untracked 
| 107|0x0000000727b00000, 0x0000000727b00000, 0x0000000727c00000|  0%| F|  |TAMS 0x0000000727b00000, 0x0000000727b00000| Untracked 
| 108|0x0000000727c00000, 0x0000000727c00000, 0x0000000727d00000|  0%| F|  |TAMS 0x0000000727c00000, 0x0000000727c00000| Untracked 
| 109|0x0000000727d00000, 0x0000000727d00000, 0x0000000727e00000|  0%| F|  |TAMS 0x0000000727d00000, 0x0000000727d00000| Untracked 
| 110|0x0000000727e00000, 0x0000000727e00000, 0x0000000727f00000|  0%| F|  |TAMS 0x0000000727e00000, 0x0000000727e00000| Untracked 
| 111|0x0000000727f00000, 0x0000000727f00000, 0x0000000728000000|  0%| F|  |TAMS 0x0000000727f00000, 0x0000000727f00000| Untracked 
| 112|0x0000000728000000, 0x0000000728000000, 0x0000000728100000|  0%| F|  |TAMS 0x0000000728000000, 0x0000000728000000| Untracked 
| 113|0x0000000728100000, 0x0000000728100000, 0x0000000728200000|  0%| F|  |TAMS 0x0000000728100000, 0x0000000728100000| Untracked 
| 114|0x0000000728200000, 0x0000000728200000, 0x0000000728300000|  0%| F|  |TAMS 0x0000000728200000, 0x0000000728200000| Untracked 
| 115|0x0000000728300000, 0x0000000728300000, 0x0000000728400000|  0%| F|  |TAMS 0x0000000728300000, 0x0000000728300000| Untracked 
| 116|0x0000000728400000, 0x0000000728400000, 0x0000000728500000|  0%| F|  |TAMS 0x0000000728400000, 0x0000000728400000| Untracked 
| 117|0x0000000728500000, 0x0000000728500000, 0x0000000728600000|  0%| F|  |TAMS 0x0000000728500000, 0x0000000728500000| Untracked 
| 118|0x0000000728600000, 0x0000000728600000, 0x0000000728700000|  0%| F|  |TAMS 0x0000000728600000, 0x0000000728600000| Untracked 
| 119|0x0000000728700000, 0x0000000728700000, 0x0000000728800000|  0%| F|  |TAMS 0x0000000728700000, 0x0000000728700000| Untracked 
| 120|0x0000000728800000, 0x0000000728800000, 0x0000000728900000|  0%| F|  |TAMS 0x0000000728800000, 0x0000000728800000| Untracked 
| 121|0x0000000728900000, 0x0000000728900000, 0x0000000728a00000|  0%| F|  |TAMS 0x0000000728900000, 0x0000000728900000| Untracked 
| 122|0x0000000728a00000, 0x0000000728a00000, 0x0000000728b00000|  0%| F|  |TAMS 0x0000000728a00000, 0x0000000728a00000| Untracked 
| 123|0x0000000728b00000, 0x0000000728b00000, 0x0000000728c00000|  0%| F|  |TAMS 0x0000000728b00000, 0x0000000728b00000| Untracked 
| 124|0x0000000728c00000, 0x0000000728c00000, 0x0000000728d00000|  0%| F|  |TAMS 0x0000000728c00000, 0x0000000728c00000| Untracked 
| 125|0x0000000728d00000, 0x0000000728d00000, 0x0000000728e00000|  0%| F|  |TAMS 0x0000000728d00000, 0x0000000728d00000| Untracked 
| 126|0x0000000728e00000, 0x0000000728e00000, 0x0000000728f00000|  0%| F|  |TAMS 0x0000000728e00000, 0x0000000728e00000| Untracked 
| 127|0x0000000728f00000, 0x0000000728f00000, 0x0000000729000000|  0%| F|  |TAMS 0x0000000728f00000, 0x0000000728f00000| Untracked 
| 128|0x0000000729000000, 0x0000000729000000, 0x0000000729100000|  0%| F|  |TAMS 0x0000000729000000, 0x0000000729000000| Untracked 
| 129|0x0000000729100000, 0x0000000729100000, 0x0000000729200000|  0%| F|  |TAMS 0x0000000729100000, 0x0000000729100000| Untracked 
| 130|0x0000000729200000, 0x0000000729200000, 0x0000000729300000|  0%| F|  |TAMS 0x0000000729200000, 0x0000000729200000| Untracked 
| 131|0x0000000729300000, 0x0000000729300000, 0x0000000729400000|  0%| F|  |TAMS 0x0000000729300000, 0x0000000729300000| Untracked 
| 132|0x0000000729400000, 0x0000000729400000, 0x0000000729500000|  0%| F|  |TAMS 0x0000000729400000, 0x0000000729400000| Untracked 
| 133|0x0000000729500000, 0x0000000729500000, 0x0000000729600000|  0%| F|  |TAMS 0x0000000729500000, 0x0000000729500000| Untracked 
| 134|0x0000000729600000, 0x0000000729600000, 0x0000000729700000|  0%| F|  |TAMS 0x0000000729600000, 0x0000000729600000| Untracked 
| 135|0x0000000729700000, 0x0000000729700000, 0x0000000729800000|  0%| F|  |TAMS 0x0000000729700000, 0x0000000729700000| Untracked 
| 136|0x0000000729800000, 0x0000000729800000, 0x0000000729900000|  0%| F|  |TAMS 0x0000000729800000, 0x0000000729800000| Untracked 
| 137|0x0000000729900000, 0x0000000729900000, 0x0000000729a00000|  0%| F|  |TAMS 0x0000000729900000, 0x0000000729900000| Untracked 
| 138|0x0000000729a00000, 0x0000000729a00000, 0x0000000729b00000|  0%| F|  |TAMS 0x0000000729a00000, 0x0000000729a00000| Untracked 
| 139|0x0000000729b00000, 0x0000000729b00000, 0x0000000729c00000|  0%| F|  |TAMS 0x0000000729b00000, 0x0000000729b00000| Untracked 
| 140|0x0000000729c00000, 0x0000000729c00000, 0x0000000729d00000|  0%| F|  |TAMS 0x0000000729c00000, 0x0000000729c00000| Untracked 
| 141|0x0000000729d00000, 0x0000000729d00000, 0x0000000729e00000|  0%| F|  |TAMS 0x0000000729d00000, 0x0000000729d00000| Untracked 
| 142|0x0000000729e00000, 0x0000000729e00000, 0x0000000729f00000|  0%| F|  |TAMS 0x0000000729e00000, 0x0000000729e00000| Untracked 
| 143|0x0000000729f00000, 0x0000000729f00000, 0x000000072a000000|  0%| F|  |TAMS 0x0000000729f00000, 0x0000000729f00000| Untracked 
| 144|0x000000072a000000, 0x000000072a000000, 0x000000072a100000|  0%| F|  |TAMS 0x000000072a000000, 0x000000072a000000| Untracked 
| 145|0x000000072a100000, 0x000000072a100000, 0x000000072a200000|  0%| F|  |TAMS 0x000000072a100000, 0x000000072a100000| Untracked 
| 146|0x000000072a200000, 0x000000072a200000, 0x000000072a300000|  0%| F|  |TAMS 0x000000072a200000, 0x000000072a200000| Untracked 
| 147|0x000000072a300000, 0x000000072a300000, 0x000000072a400000|  0%| F|  |TAMS 0x000000072a300000, 0x000000072a300000| Untracked 
| 148|0x000000072a400000, 0x000000072a400000, 0x000000072a500000|  0%| F|  |TAMS 0x000000072a400000, 0x000000072a400000| Untracked 
| 149|0x000000072a500000, 0x000000072a500000, 0x000000072a600000|  0%| F|  |TAMS 0x000000072a500000, 0x000000072a500000| Untracked 
| 150|0x000000072a600000, 0x000000072a600000, 0x000000072a700000|  0%| F|  |TAMS 0x000000072a600000, 0x000000072a600000| Untracked 
| 151|0x000000072a700000, 0x000000072a700000, 0x000000072a800000|  0%| F|  |TAMS 0x000000072a700000, 0x000000072a700000| Untracked 
| 152|0x000000072a800000, 0x000000072a800000, 0x000000072a900000|  0%| F|  |TAMS 0x000000072a800000, 0x000000072a800000| Untracked 
| 153|0x000000072a900000, 0x000000072a900000, 0x000000072aa00000|  0%| F|  |TAMS 0x000000072a900000, 0x000000072a900000| Untracked 
| 154|0x000000072aa00000, 0x000000072aa00000, 0x000000072ab00000|  0%| F|  |TAMS 0x000000072aa00000, 0x000000072aa00000| Untracked 
| 155|0x000000072ab00000, 0x000000072ab00000, 0x000000072ac00000|  0%| F|  |TAMS 0x000000072ab00000, 0x000000072ab00000| Untracked 
| 156|0x000000072ac00000, 0x000000072ac00000, 0x000000072ad00000|  0%| F|  |TAMS 0x000000072ac00000, 0x000000072ac00000| Untracked 
| 157|0x000000072ad00000, 0x000000072ad00000, 0x000000072ae00000|  0%| F|  |TAMS 0x000000072ad00000, 0x000000072ad00000| Untracked 
| 158|0x000000072ae00000, 0x000000072ae00000, 0x000000072af00000|  0%| F|  |TAMS 0x000000072ae00000, 0x000000072ae00000| Untracked 
| 159|0x000000072af00000, 0x000000072af00000, 0x000000072b000000|  0%| F|  |TAMS 0x000000072af00000, 0x000000072af00000| Untracked 
| 160|0x000000072b000000, 0x000000072b000000, 0x000000072b100000|  0%| F|  |TAMS 0x000000072b000000, 0x000000072b000000| Untracked 
| 161|0x000000072b100000, 0x000000072b100000, 0x000000072b200000|  0%| F|  |TAMS 0x000000072b100000, 0x000000072b100000| Untracked 
| 162|0x000000072b200000, 0x000000072b200000, 0x000000072b300000|  0%| F|  |TAMS 0x000000072b200000, 0x000000072b200000| Untracked 
| 163|0x000000072b300000, 0x000000072b300000, 0x000000072b400000|  0%| F|  |TAMS 0x000000072b300000, 0x000000072b300000| Untracked 
| 164|0x000000072b400000, 0x000000072b400000, 0x000000072b500000|  0%| F|  |TAMS 0x000000072b400000, 0x000000072b400000| Untracked 
| 165|0x000000072b500000, 0x000000072b500000, 0x000000072b600000|  0%| F|  |TAMS 0x000000072b500000, 0x000000072b500000| Untracked 
| 166|0x000000072b600000, 0x000000072b600000, 0x000000072b700000|  0%| F|  |TAMS 0x000000072b600000, 0x000000072b600000| Untracked 
| 167|0x000000072b700000, 0x000000072b700000, 0x000000072b800000|  0%| F|  |TAMS 0x000000072b700000, 0x000000072b700000| Untracked 
| 168|0x000000072b800000, 0x000000072b800000, 0x000000072b900000|  0%| F|  |TAMS 0x000000072b800000, 0x000000072b800000| Untracked 
| 169|0x000000072b900000, 0x000000072b900000, 0x000000072ba00000|  0%| F|  |TAMS 0x000000072b900000, 0x000000072b900000| Untracked 
| 170|0x000000072ba00000, 0x000000072ba00000, 0x000000072bb00000|  0%| F|  |TAMS 0x000000072ba00000, 0x000000072ba00000| Untracked 
| 171|0x000000072bb00000, 0x000000072bb00000, 0x000000072bc00000|  0%| F|  |TAMS 0x000000072bb00000, 0x000000072bb00000| Untracked 
| 172|0x000000072bc00000, 0x000000072bc00000, 0x000000072bd00000|  0%| F|  |TAMS 0x000000072bc00000, 0x000000072bc00000| Untracked 
| 173|0x000000072bd00000, 0x000000072bd00000, 0x000000072be00000|  0%| F|  |TAMS 0x000000072bd00000, 0x000000072bd00000| Untracked 
| 174|0x000000072be00000, 0x000000072be00000, 0x000000072bf00000|  0%| F|  |TAMS 0x000000072be00000, 0x000000072be00000| Untracked 
| 175|0x000000072bf00000, 0x000000072bf00000, 0x000000072c000000|  0%| F|  |TAMS 0x000000072bf00000, 0x000000072bf00000| Untracked 
| 176|0x000000072c000000, 0x000000072c000000, 0x000000072c100000|  0%| F|  |TAMS 0x000000072c000000, 0x000000072c000000| Untracked 
| 177|0x000000072c100000, 0x000000072c100000, 0x000000072c200000|  0%| F|  |TAMS 0x000000072c100000, 0x000000072c100000| Untracked 
| 178|0x000000072c200000, 0x000000072c200000, 0x000000072c300000|  0%| F|  |TAMS 0x000000072c200000, 0x000000072c200000| Untracked 
| 179|0x000000072c300000, 0x000000072c300000, 0x000000072c400000|  0%| F|  |TAMS 0x000000072c300000, 0x000000072c300000| Untracked 
| 180|0x000000072c400000, 0x000000072c400000, 0x000000072c500000|  0%| F|  |TAMS 0x000000072c400000, 0x000000072c400000| Untracked 
| 181|0x000000072c500000, 0x000000072c500000, 0x000000072c600000|  0%| F|  |TAMS 0x000000072c500000, 0x000000072c500000| Untracked 
| 182|0x000000072c600000, 0x000000072c600000, 0x000000072c700000|  0%| F|  |TAMS 0x000000072c600000, 0x000000072c600000| Untracked 
| 183|0x000000072c700000, 0x000000072c700000, 0x000000072c800000|  0%| F|  |TAMS 0x000000072c700000, 0x000000072c700000| Untracked 
| 184|0x000000072c800000, 0x000000072c800000, 0x000000072c900000|  0%| F|  |TAMS 0x000000072c800000, 0x000000072c800000| Untracked 
| 185|0x000000072c900000, 0x000000072c900000, 0x000000072ca00000|  0%| F|  |TAMS 0x000000072c900000, 0x000000072c900000| Untracked 
| 186|0x000000072ca00000, 0x000000072ca00000, 0x000000072cb00000|  0%| F|  |TAMS 0x000000072ca00000, 0x000000072ca00000| Untracked 
| 187|0x000000072cb00000, 0x000000072cb00000, 0x000000072cc00000|  0%| F|  |TAMS 0x000000072cb00000, 0x000000072cb00000| Untracked 
| 188|0x000000072cc00000, 0x000000072cc00000, 0x000000072cd00000|  0%| F|  |TAMS 0x000000072cc00000, 0x000000072cc00000| Untracked 
| 189|0x000000072cd00000, 0x000000072cd00000, 0x000000072ce00000|  0%| F|  |TAMS 0x000000072cd00000, 0x000000072cd00000| Untracked 
| 190|0x000000072ce00000, 0x000000072ce00000, 0x000000072cf00000|  0%| F|  |TAMS 0x000000072ce00000, 0x000000072ce00000| Untracked 
| 191|0x000000072cf00000, 0x000000072cf00000, 0x000000072d000000|  0%| F|  |TAMS 0x000000072cf00000, 0x000000072cf00000| Untracked 
| 192|0x000000072d000000, 0x000000072d000000, 0x000000072d100000|  0%| F|  |TAMS 0x000000072d000000, 0x000000072d000000| Untracked 
| 193|0x000000072d100000, 0x000000072d100000, 0x000000072d200000|  0%| F|  |TAMS 0x000000072d100000, 0x000000072d100000| Untracked 
| 194|0x000000072d200000, 0x000000072d200000, 0x000000072d300000|  0%| F|  |TAMS 0x000000072d200000, 0x000000072d200000| Untracked 
| 195|0x000000072d300000, 0x000000072d300000, 0x000000072d400000|  0%| F|  |TAMS 0x000000072d300000, 0x000000072d300000| Untracked 
| 196|0x000000072d400000, 0x000000072d400000, 0x000000072d500000|  0%| F|  |TAMS 0x000000072d400000, 0x000000072d400000| Untracked 
| 197|0x000000072d500000, 0x000000072d500000, 0x000000072d600000|  0%| F|  |TAMS 0x000000072d500000, 0x000000072d500000| Untracked 
| 198|0x000000072d600000, 0x000000072d600000, 0x000000072d700000|  0%| F|  |TAMS 0x000000072d600000, 0x000000072d600000| Untracked 
| 199|0x000000072d700000, 0x000000072d700000, 0x000000072d800000|  0%| F|  |TAMS 0x000000072d700000, 0x000000072d700000| Untracked 
| 200|0x000000072d800000, 0x000000072d800000, 0x000000072d900000|  0%| F|  |TAMS 0x000000072d800000, 0x000000072d800000| Untracked 
| 201|0x000000072d900000, 0x000000072d900000, 0x000000072da00000|  0%| F|  |TAMS 0x000000072d900000, 0x000000072d900000| Untracked 
| 202|0x000000072da00000, 0x000000072da00000, 0x000000072db00000|  0%| F|  |TAMS 0x000000072da00000, 0x000000072da00000| Untracked 
| 203|0x000000072db00000, 0x000000072db00000, 0x000000072dc00000|  0%| F|  |TAMS 0x000000072db00000, 0x000000072db00000| Untracked 
| 204|0x000000072dc00000, 0x000000072dc00000, 0x000000072dd00000|  0%| F|  |TAMS 0x000000072dc00000, 0x000000072dc00000| Untracked 
| 205|0x000000072dd00000, 0x000000072dd00000, 0x000000072de00000|  0%| F|  |TAMS 0x000000072dd00000, 0x000000072dd00000| Untracked 
| 206|0x000000072de00000, 0x000000072de00000, 0x000000072df00000|  0%| F|  |TAMS 0x000000072de00000, 0x000000072de00000| Untracked 
| 207|0x000000072df00000, 0x000000072df00000, 0x000000072e000000|  0%| F|  |TAMS 0x000000072df00000, 0x000000072df00000| Untracked 
| 208|0x000000072e000000, 0x000000072e000000, 0x000000072e100000|  0%| F|  |TAMS 0x000000072e000000, 0x000000072e000000| Untracked 
| 209|0x000000072e100000, 0x000000072e100000, 0x000000072e200000|  0%| F|  |TAMS 0x000000072e100000, 0x000000072e100000| Untracked 
| 210|0x000000072e200000, 0x000000072e200000, 0x000000072e300000|  0%| F|  |TAMS 0x000000072e200000, 0x000000072e200000| Untracked 
| 211|0x000000072e300000, 0x000000072e300000, 0x000000072e400000|  0%| F|  |TAMS 0x000000072e300000, 0x000000072e300000| Untracked 
| 212|0x000000072e400000, 0x000000072e400000, 0x000000072e500000|  0%| F|  |TAMS 0x000000072e400000, 0x000000072e400000| Untracked 
| 213|0x000000072e500000, 0x000000072e500000, 0x000000072e600000|  0%| F|  |TAMS 0x000000072e500000, 0x000000072e500000| Untracked 
| 214|0x000000072e600000, 0x000000072e600000, 0x000000072e700000|  0%| F|  |TAMS 0x000000072e600000, 0x000000072e600000| Untracked 
| 215|0x000000072e700000, 0x000000072e700000, 0x000000072e800000|  0%| F|  |TAMS 0x000000072e700000, 0x000000072e700000| Untracked 
| 216|0x000000072e800000, 0x000000072e900000, 0x000000072e900000|100%| S|CS|TAMS 0x000000072e800000, 0x000000072e800000| Complete 
| 217|0x000000072e900000, 0x000000072ea00000, 0x000000072ea00000|100%| S|CS|TAMS 0x000000072e900000, 0x000000072e900000| Complete 
| 218|0x000000072ea00000, 0x000000072eb00000, 0x000000072eb00000|100%| S|CS|TAMS 0x000000072ea00000, 0x000000072ea00000| Complete 
| 219|0x000000072eb00000, 0x000000072ec00000, 0x000000072ec00000|100%| S|CS|TAMS 0x000000072eb00000, 0x000000072eb00000| Complete 
| 220|0x000000072ec00000, 0x000000072ed00000, 0x000000072ed00000|100%| S|CS|TAMS 0x000000072ec00000, 0x000000072ec00000| Complete 
| 221|0x000000072ed00000, 0x000000072ed00000, 0x000000072ee00000|  0%| F|  |TAMS 0x000000072ed00000, 0x000000072ed00000| Untracked 
| 222|0x000000072ee00000, 0x000000072ee00000, 0x000000072ef00000|  0%| F|  |TAMS 0x000000072ee00000, 0x000000072ee00000| Untracked 
| 223|0x000000072ef00000, 0x000000072ef00000, 0x000000072f000000|  0%| F|  |TAMS 0x000000072ef00000, 0x000000072ef00000| Untracked 
| 224|0x000000072f000000, 0x000000072f000000, 0x000000072f100000|  0%| F|  |TAMS 0x000000072f000000, 0x000000072f000000| Untracked 
| 225|0x000000072f100000, 0x000000072f100000, 0x000000072f200000|  0%| F|  |TAMS 0x000000072f100000, 0x000000072f100000| Untracked 
| 226|0x000000072f200000, 0x000000072f200000, 0x000000072f300000|  0%| F|  |TAMS 0x000000072f200000, 0x000000072f200000| Untracked 
| 227|0x000000072f300000, 0x000000072f300000, 0x000000072f400000|  0%| F|  |TAMS 0x000000072f300000, 0x000000072f300000| Untracked 
| 228|0x000000072f400000, 0x000000072f400000, 0x000000072f500000|  0%| F|  |TAMS 0x000000072f400000, 0x000000072f400000| Untracked 
| 229|0x000000072f500000, 0x000000072f500000, 0x000000072f600000|  0%| F|  |TAMS 0x000000072f500000, 0x000000072f500000| Untracked 
| 230|0x000000072f600000, 0x000000072f600000, 0x000000072f700000|  0%| F|  |TAMS 0x000000072f600000, 0x000000072f600000| Untracked 
| 231|0x000000072f700000, 0x000000072f800000, 0x000000072f800000|100%| S|CS|TAMS 0x000000072f700000, 0x000000072f700000| Complete 
| 232|0x000000072f800000, 0x000000072f900000, 0x000000072f900000|100%| S|CS|TAMS 0x000000072f800000, 0x000000072f800000| Complete 
| 233|0x000000072f900000, 0x000000072fa00000, 0x000000072fa00000|100%| S|CS|TAMS 0x000000072f900000, 0x000000072f900000| Complete 
| 234|0x000000072fa00000, 0x000000072fb00000, 0x000000072fb00000|100%| S|CS|TAMS 0x000000072fa00000, 0x000000072fa00000| Complete 
| 235|0x000000072fb00000, 0x000000072fb00000, 0x000000072fc00000|  0%| F|  |TAMS 0x000000072fb00000, 0x000000072fb00000| Untracked 
| 236|0x000000072fc00000, 0x000000072fc00000, 0x000000072fd00000|  0%| F|  |TAMS 0x000000072fc00000, 0x000000072fc00000| Untracked 
| 237|0x000000072fd00000, 0x000000072fd00000, 0x000000072fe00000|  0%| F|  |TAMS 0x000000072fd00000, 0x000000072fd00000| Untracked 
| 238|0x000000072fe00000, 0x000000072fe00000, 0x000000072ff00000|  0%| F|  |TAMS 0x000000072fe00000, 0x000000072fe00000| Untracked 
| 239|0x000000072ff00000, 0x000000072ff00000, 0x0000000730000000|  0%| F|  |TAMS 0x000000072ff00000, 0x000000072ff00000| Untracked 
| 240|0x0000000730000000, 0x0000000730000000, 0x0000000730100000|  0%| F|  |TAMS 0x0000000730000000, 0x0000000730000000| Untracked 
| 241|0x0000000730100000, 0x0000000730100000, 0x0000000730200000|  0%| F|  |TAMS 0x0000000730100000, 0x0000000730100000| Untracked 
| 242|0x0000000730200000, 0x0000000730200000, 0x0000000730300000|  0%| F|  |TAMS 0x0000000730200000, 0x0000000730200000| Untracked 
| 243|0x0000000730300000, 0x0000000730300000, 0x0000000730400000|  0%| F|  |TAMS 0x0000000730300000, 0x0000000730300000| Untracked 
| 244|0x0000000730400000, 0x0000000730400000, 0x0000000730500000|  0%| F|  |TAMS 0x0000000730400000, 0x0000000730400000| Untracked 
| 245|0x0000000730500000, 0x0000000730500000, 0x0000000730600000|  0%| F|  |TAMS 0x0000000730500000, 0x0000000730500000| Untracked 
| 246|0x0000000730600000, 0x0000000730600000, 0x0000000730700000|  0%| F|  |TAMS 0x0000000730600000, 0x0000000730600000| Untracked 
| 247|0x0000000730700000, 0x0000000730700000, 0x0000000730800000|  0%| F|  |TAMS 0x0000000730700000, 0x0000000730700000| Untracked 
| 248|0x0000000730800000, 0x0000000730800000, 0x0000000730900000|  0%| F|  |TAMS 0x0000000730800000, 0x0000000730800000| Untracked 
| 249|0x0000000730900000, 0x0000000730900000, 0x0000000730a00000|  0%| F|  |TAMS 0x0000000730900000, 0x0000000730900000| Untracked 
| 250|0x0000000730a00000, 0x0000000730a00000, 0x0000000730b00000|  0%| F|  |TAMS 0x0000000730a00000, 0x0000000730a00000| Untracked 
| 251|0x0000000730b00000, 0x0000000730b00000, 0x0000000730c00000|  0%| F|  |TAMS 0x0000000730b00000, 0x0000000730b00000| Untracked 
| 252|0x0000000730c00000, 0x0000000730c00000, 0x0000000730d00000|  0%| F|  |TAMS 0x0000000730c00000, 0x0000000730c00000| Untracked 
| 253|0x0000000730d00000, 0x0000000730d00000, 0x0000000730e00000|  0%| F|  |TAMS 0x0000000730d00000, 0x0000000730d00000| Untracked 
| 254|0x0000000730e00000, 0x0000000730e00000, 0x0000000730f00000|  0%| F|  |TAMS 0x0000000730e00000, 0x0000000730e00000| Untracked 
| 255|0x0000000730f00000, 0x0000000730f00000, 0x0000000731000000|  0%| F|  |TAMS 0x0000000730f00000, 0x0000000730f00000| Untracked 
| 256|0x0000000731000000, 0x0000000731000000, 0x0000000731100000|  0%| F|  |TAMS 0x0000000731000000, 0x0000000731000000| Untracked 
| 257|0x0000000731100000, 0x0000000731100000, 0x0000000731200000|  0%| F|  |TAMS 0x0000000731100000, 0x0000000731100000| Untracked 
| 258|0x0000000731200000, 0x0000000731200000, 0x0000000731300000|  0%| F|  |TAMS 0x0000000731200000, 0x0000000731200000| Untracked 
| 259|0x0000000731300000, 0x0000000731300000, 0x0000000731400000|  0%| F|  |TAMS 0x0000000731300000, 0x0000000731300000| Untracked 
| 260|0x0000000731400000, 0x0000000731400000, 0x0000000731500000|  0%| F|  |TAMS 0x0000000731400000, 0x0000000731400000| Untracked 
| 261|0x0000000731500000, 0x0000000731500000, 0x0000000731600000|  0%| F|  |TAMS 0x0000000731500000, 0x0000000731500000| Untracked 
| 262|0x0000000731600000, 0x0000000731600000, 0x0000000731700000|  0%| F|  |TAMS 0x0000000731600000, 0x0000000731600000| Untracked 
| 263|0x0000000731700000, 0x0000000731700000, 0x0000000731800000|  0%| F|  |TAMS 0x0000000731700000, 0x0000000731700000| Untracked 
| 264|0x0000000731800000, 0x0000000731800000, 0x0000000731900000|  0%| F|  |TAMS 0x0000000731800000, 0x0000000731800000| Untracked 
| 265|0x0000000731900000, 0x0000000731900000, 0x0000000731a00000|  0%| F|  |TAMS 0x0000000731900000, 0x0000000731900000| Untracked 
| 266|0x0000000731a00000, 0x0000000731a00000, 0x0000000731b00000|  0%| F|  |TAMS 0x0000000731a00000, 0x0000000731a00000| Untracked 
| 267|0x0000000731b00000, 0x0000000731b00000, 0x0000000731c00000|  0%| F|  |TAMS 0x0000000731b00000, 0x0000000731b00000| Untracked 
| 268|0x0000000731c00000, 0x0000000731c00000, 0x0000000731d00000|  0%| F|  |TAMS 0x0000000731c00000, 0x0000000731c00000| Untracked 

Card table byte_map: [0x0000023731790000,0x0000023731e90000] _byte_map_base: 0x000002372de88000

Marking Bits (Prev, Next): (CMBitMap*) 0x0000023717b47a98, (CMBitMap*) 0x0000023717b47ad0
 Prev Bits: [0x0000023732590000, 0x0000023735d50000)
 Next Bits: [0x0000023735d50000, 0x0000023739510000)

Polling page: 0x0000023717990000

Metaspace:

Usage:
  Non-class:     35.08 MB capacity,    34.29 MB ( 98%) used,   648.98 KB (  2%) free+waste,   154.25 KB ( <1%) overhead. 
      Class:      5.41 MB capacity,     4.85 MB ( 90%) used,   498.86 KB (  9%) free+waste,    77.25 KB (  1%) overhead. 
       Both:     40.49 MB capacity,    39.14 MB ( 97%) used,     1.12 MB (  3%) free+waste,   231.50 KB ( <1%) overhead. 

Virtual space:
  Non-class space:       46.00 MB reserved,      35.08 MB ( 76%) committed 
      Class space:        1.00 GB reserved,       5.45 MB ( <1%) committed 
             Both:        1.04 GB reserved,      40.53 MB (  4%) committed 

Chunk freelists:
   Non-Class:  2.00 KB
       Class:  26.00 KB
        Both:  28.00 KB

MaxMetaspaceSize: 17179869184.00 GB
CompressedClassSpaceSize: 1.00 GB
Initial GC threshold: 20.80 MB
Current GC threshold: 59.33 MB
CDS: off

CodeHeap 'non-profiled nmethods': size=238912Kb used=5923Kb max_used=5923Kb free=232988Kb
 bounds [0x0000023722120000, 0x00000237226f0000, 0x0000023730a70000]
CodeHeap 'non-nmethods': size=6848Kb used=1229Kb max_used=1229Kb free=5618Kb
 bounds [0x0000023721a70000, 0x0000023721ce0000, 0x0000023722120000]
 total_blobs=4244 nmethods=3736 adapters=433
 compilation: enabled
              stopped_count=0, restarted_count=0
 full_count=0

Compilation events (20 events):
Event: 2.765 Thread 0x000002373c40e000 3729       1       java.io.FilterOutputStream::write (9 bytes)
Event: 2.765 Thread 0x000002373c40e000 nmethod 3729 0x00000237226e5710 code [0x00000237226e58c0, 0x00000237226e59a8]
Event: 2.765 Thread 0x000002373c40e000 3727       1       org.postgresql.core.VisibleBufferedInputStream::getBuffer (5 bytes)
Event: 2.765 Thread 0x000002373c40e000 nmethod 3727 0x00000237226e5a90 code [0x00000237226e5c40, 0x00000237226e5cf8]
Event: 2.765 Thread 0x000002373c40e000 3728       1       org.postgresql.core.VisibleBufferedInputStream::getIndex (5 bytes)
Event: 2.765 Thread 0x000002373c40e000 nmethod 3728 0x00000237226e5d90 code [0x00000237226e5f40, 0x00000237226e5ff8]
Event: 2.768 Thread 0x000002373c40e000 3730  s    1       java.io.BufferedOutputStream::write (35 bytes)
Event: 2.768 Thread 0x000002373c40e000 nmethod 3730 0x00000237226e6090 code [0x00000237226e6260, 0x00000237226e6568]
Event: 2.769 Thread 0x000002373c40e000 3731       1       java.io.ByteArrayOutputStream::<init> (7 bytes)
Event: 2.770 Thread 0x000002373c40e000 nmethod 3731 0x00000237226e6690 code [0x00000237226e6840, 0x00000237226e6928]
Event: 2.770 Thread 0x000002373c40e000 3732       1       org.postgresql.PGProperty::get (13 bytes)
Event: 2.770 Thread 0x000002373c40e000 nmethod 3732 0x00000237226e6990 code [0x00000237226e6b40, 0x00000237226e6c48]
Event: 2.770 Thread 0x000002373c40e000 3733       1       java.util.HashMap::clear (50 bytes)
Event: 2.770 Thread 0x000002373c40e000 nmethod 3733 0x00000237226e6d10 code [0x00000237226e6ec0, 0x00000237226e6ff8]
Event: 2.792 Thread 0x000002373c40e000 3734       1       java.security.DrbgParameters$NextBytes::getStrength (5 bytes)
Event: 2.792 Thread 0x000002373c40e000 nmethod 3734 0x00000237226e7090 code [0x00000237226e7240, 0x00000237226e72f8]
Event: 2.793 Thread 0x000002373c40e000 3735       1       java.security.DrbgParameters$NextBytes::getPredictionResistance (5 bytes)
Event: 2.793 Thread 0x000002373c40e000 nmethod 3735 0x00000237226e7390 code [0x00000237226e7540, 0x00000237226e75f8]
Event: 2.794 Thread 0x000002373c40e000 3736  s!   1       sun.security.jca.ProviderConfig::getProvider (319 bytes)
Event: 2.795 Thread 0x000002373c40e000 nmethod 3736 0x00000237226e7690 code [0x00000237226e79a0, 0x00000237226e86e8]

GC Heap History (16 events):
Event: 0.583 GC heap before
{Heap before GC invocations=0 (full 0):
 garbage-first heap   total 229376K, used 15360K [0x0000000721000000, 0x0000000800000000)
  region size 1024K, 14 young (14336K), 0 survivors (0K)
 Metaspace       used 12582K, capacity 12822K, committed 12928K, reserved 1060864K
  class space    used 1287K, capacity 1402K, committed 1408K, reserved 1048576K
}
Event: 0.587 GC heap after
{Heap after GC invocations=1 (full 0):
 garbage-first heap   total 229376K, used 6066K [0x0000000721000000, 0x0000000800000000)
  region size 1024K, 2 young (2048K), 2 survivors (2048K)
 Metaspace       used 12582K, capacity 12822K, committed 12928K, reserved 1060864K
  class space    used 1287K, capacity 1402K, committed 1408K, reserved 1048576K
}
Event: 0.691 GC heap before
{Heap before GC invocations=1 (full 0):
 garbage-first heap   total 229376K, used 15282K [0x0000000721000000, 0x0000000800000000)
  region size 1024K, 11 young (11264K), 2 survivors (2048K)
 Metaspace       used 14206K, capacity 14595K, committed 14720K, reserved 1062912K
  class space    used 1483K, capacity 1634K, committed 1664K, reserved 1048576K
}
Event: 0.694 GC heap after
{Heap after GC invocations=2 (full 0):
 garbage-first heap   total 229376K, used 7019K [0x0000000721000000, 0x0000000800000000)
  region size 1024K, 1 young (1024K), 1 survivors (1024K)
 Metaspace       used 14206K, capacity 14595K, committed 14720K, reserved 1062912K
  class space    used 1483K, capacity 1634K, committed 1664K, reserved 1048576K
}
Event: 0.976 GC heap before
{Heap before GC invocations=2 (full 0):
 garbage-first heap   total 229376K, used 30571K [0x0000000721000000, 0x0000000800000000)
  region size 1024K, 25 young (25600K), 1 survivors (1024K)
 Metaspace       used 17940K, capacity 18486K, committed 18688K, reserved 1064960K
  class space    used 1992K, capacity 2199K, committed 2304K, reserved 1048576K
}
Event: 0.978 GC heap after
{Heap after GC invocations=3 (full 0):
 garbage-first heap   total 229376K, used 8169K [0x0000000721000000, 0x0000000800000000)
  region size 1024K, 2 young (2048K), 2 survivors (2048K)
 Metaspace       used 17940K, capacity 18486K, committed 18688K, reserved 1064960K
  class space    used 1992K, capacity 2199K, committed 2304K, reserved 1048576K
}
Event: 1.093 GC heap before
{Heap before GC invocations=3 (full 0):
 garbage-first heap   total 229376K, used 23529K [0x0000000721000000, 0x0000000800000000)
  region size 1024K, 18 young (18432K), 2 survivors (2048K)
 Metaspace       used 20485K, capacity 21124K, committed 21296K, reserved 1069056K
  class space    used 2332K, capacity 2595K, committed 2688K, reserved 1048576K
}
Event: 1.096 GC heap after
{Heap after GC invocations=4 (full 0):
 garbage-first heap   total 229376K, used 8903K [0x0000000721000000, 0x0000000800000000)
  region size 1024K, 3 young (3072K), 3 survivors (3072K)
 Metaspace       used 20485K, capacity 21124K, committed 21296K, reserved 1069056K
  class space    used 2332K, capacity 2595K, committed 2688K, reserved 1048576K
}
Event: 1.393 GC heap before
{Heap before GC invocations=5 (full 0):
 garbage-first heap   total 229376K, used 47815K [0x0000000721000000, 0x0000000800000000)
  region size 1024K, 42 young (43008K), 3 survivors (3072K)
 Metaspace       used 25476K, capacity 26425K, committed 26672K, reserved 1073152K
  class space    used 2999K, capacity 3375K, committed 3456K, reserved 1048576K
}
Event: 1.398 GC heap after
{Heap after GC invocations=6 (full 0):
 garbage-first heap   total 229376K, used 10959K [0x0000000721000000, 0x0000000800000000)
  region size 1024K, 5 young (5120K), 5 survivors (5120K)
 Metaspace       used 25476K, capacity 26425K, committed 26672K, reserved 1073152K
  class space    used 2999K, capacity 3375K, committed 3456K, reserved 1048576K
}
Event: 2.051 GC heap before
{Heap before GC invocations=6 (full 0):
 garbage-first heap   total 229376K, used 76495K [0x0000000721000000, 0x0000000800000000)
  region size 1024K, 69 young (70656K), 5 survivors (5120K)
 Metaspace       used 30385K, capacity 31529K, committed 31792K, reserved 1077248K
  class space    used 3746K, capacity 4171K, committed 4224K, reserved 1048576K
}
Event: 2.059 GC heap after
{Heap after GC invocations=7 (full 0):
 garbage-first heap   total 275456K, used 13321K [0x0000000721000000, 0x0000000800000000)
  region size 1024K, 7 young (7168K), 7 survivors (7168K)
 Metaspace       used 30385K, capacity 31529K, committed 31792K, reserved 1077248K
  class space    used 3746K, capacity 4171K, committed 4224K, reserved 1048576K
}
Event: 2.421 GC heap before
{Heap before GC invocations=7 (full 0):
 garbage-first heap   total 275456K, used 51209K [0x0000000721000000, 0x0000000800000000)
  region size 1024K, 45 young (46080K), 7 survivors (7168K)
 Metaspace       used 34423K, capacity 35799K, committed 35920K, reserved 1081344K
  class space    used 4259K, capacity 4832K, committed 4864K, reserved 1048576K
}
Event: 2.432 GC heap after
{Heap after GC invocations=8 (full 0):
 garbage-first heap   total 275456K, used 15734K [0x0000000721000000, 0x0000000800000000)
  region size 1024K, 10 young (10240K), 10 survivors (10240K)
 Metaspace       used 34423K, capacity 35799K, committed 35920K, reserved 1081344K
  class space    used 4259K, capacity 4832K, committed 4864K, reserved 1048576K
}
Event: 2.796 GC heap before
{Heap before GC invocations=9 (full 0):
 garbage-first heap   total 275456K, used 48502K [0x0000000721000000, 0x0000000800000000)
  region size 1024K, 44 young (45056K), 10 survivors (10240K)
 Metaspace       used 40080K, capacity 41460K, committed 41500K, reserved 1093632K
  class space    used 4965K, capacity 5542K, committed 5580K, reserved 1048576K
}
Event: 2.807 GC heap after
{Heap after GC invocations=10 (full 0):
 garbage-first heap   total 275456K, used 17143K [0x0000000721000000, 0x0000000800000000)
  region size 1024K, 9 young (9216K), 9 survivors (9216K)
 Metaspace       used 40080K, capacity 41460K, committed 41500K, reserved 1093632K
  class space    used 4965K, capacity 5542K, committed 5580K, reserved 1048576K
}

Deoptimization events (2 events):
Event: 1.743 Thread 0x000002373d008800 DEOPT PACKING pc=0x000002372242efac sp=0x000000d0f45fcc20
Event: 1.743 Thread 0x000002373d008800 DEOPT UNPACKING pc=0x0000023721aba95e sp=0x000000d0f45fc188 mode 0

Classes redefined (0 events):
No events

Internal exceptions (20 events):
Event: 1.997 Thread 0x000002373d008800 Exception <a 'java/lang/ClassNotFoundException'{0x000000072b0fdf40}: org/springframework/context/annotation/ImportAwareCustomizer> (0x000000072b0fdf40) thrown at [./src/hotspot/share/classfile/systemDictionary.cpp, line 230]
Event: 1.997 Thread 0x000002373d008800 Exception <a 'java/lang/ClassNotFoundException'{0x000000072af11dd0}: org/springframework/beans/factory/AwareCustomizer> (0x000000072af11dd0) thrown at [./src/hotspot/share/classfile/systemDictionary.cpp, line 230]
Event: 2.026 Thread 0x000002373d008800 Exception <a 'java/lang/NoSuchMethodError'{0x000000072ac16c48}: 'java.lang.Object java.lang.invoke.DirectMethodHandle$Holder.invokeSpecialIFC(java.lang.Object, java.lang.Object, java.lang.Object)'> (0x000000072ac16c48) thrown at [./src/hotspot/share/interpreter/linkResolver.cpp, line 773]
Event: 2.051 Thread 0x000002373d008800 Exception <a 'java/lang/NoSuchMethodError'{0x000000072abf9270}: 'int java.lang.invoke.DirectMethodHandle$Holder.invokeSpecial(java.lang.Object, java.lang.Object, java.lang.Object, java.lang.Object, java.lang.Object)'> (0x000000072abf9270) thrown at [./src/hotspot/share/interpreter/linkResolver.cpp, line 773]
Event: 2.091 Thread 0x000002373d008800 Exception <a 'java/lang/NoSuchMethodError'{0x0000000731ad85b8}: 'void java.lang.invoke.DelegatingMethodHandle$Holder.delegate(java.lang.Object, java.lang.Object, int, java.lang.Object)'> (0x0000000731ad85b8) thrown at [./src/hotspot/share/interpreter/linkResolver.cpp, line 773]
Event: 2.115 Thread 0x000002373d008800 Exception <a 'java/lang/NoSuchMethodError'{0x00000007318a1808}: 'void java.lang.invoke.DirectMethodHandle$Holder.invokeInterface(java.lang.Object, java.lang.Object, int)'> (0x00000007318a1808) thrown at [./src/hotspot/share/interpreter/linkResolver.cpp, line 773]
Event: 2.116 Thread 0x000002373d008800 Exception <a 'java/lang/NoSuchMethodError'{0x00000007318b98c0}: 'int java.lang.invoke.DirectMethodHandle$Holder.invokeVirtual(java.lang.Object, java.lang.Object)'> (0x00000007318b98c0) thrown at [./src/hotspot/share/interpreter/linkResolver.cpp, line 773]
Event: 2.118 Thread 0x000002373d008800 Exception <a 'java/lang/IncompatibleClassChangeError'{0x00000007318ef4a0}: Found class java.lang.Object, but interface was expected> (0x00000007318ef4a0) thrown at [./src/hotspot/share/interpreter/linkResolver.cpp, line 839]
Event: 2.118 Thread 0x000002373d008800 Exception <a 'java/lang/NoSuchMethodError'{0x00000007318f4348}: 'void java.lang.invoke.DirectMethodHandle$Holder.invokeStatic(java.lang.Object, int, java.lang.Object)'> (0x00000007318f4348) thrown at [./src/hotspot/share/interpreter/linkResolver.cpp, line 773]
Event: 2.224 Thread 0x000002373de5c000 Exception <a 'java/lang/reflect/InvocationTargetException'{0x0000000730b096c8}> (0x0000000730b096c8) thrown at [./src/hotspot/share/runtime/reflection.cpp, line 1247]
Event: 2.273 Thread 0x000002373d008800 Exception <a 'sun/nio/fs/WindowsException'{0x00000007306bd560}> (0x00000007306bd560) thrown at [./src/hotspot/share/prims/jni.cpp, line 617]
Event: 2.274 Thread 0x000002373d008800 Exception <a 'sun/nio/fs/WindowsException'{0x00000007306c3370}> (0x00000007306c3370) thrown at [./src/hotspot/share/prims/jni.cpp, line 617]
Event: 2.274 Thread 0x000002373d008800 Exception <a 'sun/nio/fs/WindowsException'{0x00000007306c3a48}> (0x00000007306c3a48) thrown at [./src/hotspot/share/prims/jni.cpp, line 617]
Event: 2.335 Thread 0x000002373d008800 Exception <a 'java/io/FileNotFoundException'{0x000000072ff855f8}> (0x000000072ff855f8) thrown at [./src/hotspot/share/prims/jni.cpp, line 617]
Event: 2.335 Thread 0x000002373d008800 Exception <a 'java/io/FileNotFoundException'{0x000000072ff86778}> (0x000000072ff86778) thrown at [./src/hotspot/share/prims/jni.cpp, line 617]
Event: 2.354 Thread 0x000002373d008800 Exception <a 'java/lang/NoSuchMethodError'{0x000000072fd26978}: 'int java.lang.invoke.DirectMethodHandle$Holder.invokeInterface(java.lang.Object, java.lang.Object, java.lang.Object, java.lang.Object)'> (0x000000072fd26978) thrown at [./src/hotspot/share/interpreter/linkResolver.cpp, line 773]
Event: 2.386 Thread 0x000002373d008800 Exception <a 'java/io/FileNotFoundException'{0x000000072fa2ff20}> (0x000000072fa2ff20) thrown at [./src/hotspot/share/prims/jni.cpp, line 617]
Event: 2.472 Thread 0x000002373d008800 Exception <a 'sun/nio/fs/WindowsException'{0x0000000731a4fc60}> (0x0000000731a4fc60) thrown at [./src/hotspot/share/prims/jni.cpp, line 617]
Event: 2.619 Thread 0x000002373d008800 Exception <a 'java/lang/NoSuchMethodError'{0x0000000730fd5218}: 'java.lang.Object java.lang.invoke.DirectMethodHandle$Holder.invokeStaticInit(java.lang.Object, java.lang.Object, java.lang.Object, java.lang.Object)'> (0x0000000730fd5218) thrown at [./src/hotspot/share/interpreter/linkResolver.cpp, line 773]
Event: 2.746 Thread 0x000002373de5c000 Exception <a 'java/lang/reflect/InvocationTargetException'{0x0000000730189bf0}> (0x0000000730189bf0) thrown at [./src/hotspot/share/runtime/reflection.cpp, line 1247]

Events (20 events):
Event: 2.792 loading class net/bytebuddy/dynamic/scaffold/ClassWriterStrategy done
Event: 2.793 loading class net/bytebuddy/dynamic/scaffold/ClassWriterStrategy$Default$1
Event: 2.793 loading class net/bytebuddy/dynamic/scaffold/ClassWriterStrategy$Default$1 done
Event: 2.793 loading class net/bytebuddy/dynamic/scaffold/ClassWriterStrategy$Default$2
Event: 2.793 loading class net/bytebuddy/dynamic/scaffold/ClassWriterStrategy$Default$2 done
Event: 2.794 loading class net/bytebuddy/matcher/LatentMatcher$Resolved
Event: 2.794 loading class net/bytebuddy/matcher/LatentMatcher$Resolved done
Event: 2.794 loading class net/bytebuddy/matcher/LatentMatcher
Event: 2.794 loading class net/bytebuddy/matcher/LatentMatcher done
Event: 2.794 loading class net/bytebuddy/matcher/DeclaringTypeMatcher
Event: 2.794 loading class net/bytebuddy/matcher/DeclaringTypeMatcher done
Event: 2.794 loading class net/bytebuddy/matcher/ElementMatcher$Junction$Disjunction
Event: 2.794 loading class net/bytebuddy/matcher/ElementMatcher$Junction$Disjunction done
Event: 2.795 loading class net/bytebuddy/TypeCache
Event: 2.795 loading class net/bytebuddy/TypeCache done
Event: 2.795 loading class net/bytebuddy/TypeCache$Sort
Event: 2.795 loading class net/bytebuddy/TypeCache$Sort done
Event: 2.795 loading class net/bytebuddy/TypeCache$Sort$1
Event: 2.795 loading class net/bytebuddy/TypeCache$Sort$1 done
Event: 2.796 Executing VM operation: CollectForMetadataAllocation


Dynamic libraries:
0x00007ff7cf260000 - 0x00007ff7cf26d000 	C:\Users\raque\.jdks\corretto-11.0.15\bin\java.exe
0x00007ff8c79f0000 - 0x00007ff8c7be5000 	C:\Windows\SYSTEM32\ntdll.dll
0x00007ff8c6b80000 - 0x00007ff8c6c3d000 	C:\Windows\System32\KERNEL32.DLL
0x00007ff8c5690000 - 0x00007ff8c595d000 	C:\Windows\System32\KERNELBASE.dll
0x00007ff8c5340000 - 0x00007ff8c5440000 	C:\Windows\System32\ucrtbase.dll
0x00007ff8bf020000 - 0x00007ff8bf037000 	C:\Users\raque\.jdks\corretto-11.0.15\bin\jli.dll
0x00007ff8c2150000 - 0x00007ff8c2169000 	C:\Users\raque\.jdks\corretto-11.0.15\bin\VCRUNTIME140.dll
0x00007ff8c69e0000 - 0x00007ff8c6b80000 	C:\Windows\System32\USER32.dll
0x00007ff8b0ce0000 - 0x00007ff8b0f7a000 	C:\Windows\WinSxS\amd64_microsoft.windows.common-controls_6595b64144ccf1df_6.0.19041.1110_none_60b5254171f9507e\COMCTL32.dll
0x00007ff8c54b0000 - 0x00007ff8c54d2000 	C:\Windows\System32\win32u.dll
0x00007ff8c7680000 - 0x00007ff8c771e000 	C:\Windows\System32\msvcrt.dll
0x00007ff8c5f50000 - 0x00007ff8c5f7a000 	C:\Windows\System32\GDI32.dll
0x00007ff8c5580000 - 0x00007ff8c568b000 	C:\Windows\System32\gdi32full.dll
0x00007ff8c54e0000 - 0x00007ff8c557d000 	C:\Windows\System32\msvcp_win.dll
0x00007ff8c6130000 - 0x00007ff8c6160000 	C:\Windows\System32\IMM32.DLL
0x00007ff8a90d0000 - 0x00007ff8a916b000 	C:\Users\raque\.jdks\corretto-11.0.15\bin\msvcp140.dll
0x00007ff899090000 - 0x00007ff899c13000 	C:\Users\raque\.jdks\corretto-11.0.15\bin\server\jvm.dll
0x00007ff8c7720000 - 0x00007ff8c77ce000 	C:\Windows\System32\ADVAPI32.dll
0x00007ff8c5b80000 - 0x00007ff8c5c1c000 	C:\Windows\System32\sechost.dll
0x00007ff8c5cb0000 - 0x00007ff8c5dd5000 	C:\Windows\System32\RPCRT4.dll
0x00007ff8c5b60000 - 0x00007ff8c5b68000 	C:\Windows\System32\PSAPI.DLL
0x00007ff8c2ba0000 - 0x00007ff8c2ba9000 	C:\Windows\SYSTEM32\WSOCK32.dll
0x00007ff8bdb60000 - 0x00007ff8bdb6a000 	C:\Windows\SYSTEM32\VERSION.dll
0x00007ff8c6970000 - 0x00007ff8c69db000 	C:\Windows\System32\WS2_32.dll
0x00007ff8c0dc0000 - 0x00007ff8c0de7000 	C:\Windows\SYSTEM32\WINMM.dll
0x00007ff8c2fe0000 - 0x00007ff8c2ff2000 	C:\Windows\SYSTEM32\kernel.appcore.dll
0x00007ff8c2000000 - 0x00007ff8c2010000 	C:\Users\raque\.jdks\corretto-11.0.15\bin\verify.dll
0x00007ff8bc220000 - 0x00007ff8bc404000 	C:\Windows\SYSTEM32\DBGHELP.DLL
0x00007ff8b1d10000 - 0x00007ff8b1d3c000 	C:\Windows\SYSTEM32\dbgcore.DLL
0x00007ff8c5960000 - 0x00007ff8c59e2000 	C:\Windows\System32\bcryptPrimitives.dll
0x00007ff8bcf50000 - 0x00007ff8bcf78000 	C:\Users\raque\.jdks\corretto-11.0.15\bin\java.dll
0x00007ff8c1fd0000 - 0x00007ff8c1fda000 	C:\Users\raque\.jdks\corretto-11.0.15\bin\jimage.dll
0x00007ff8c2850000 - 0x00007ff8c285e000 	C:\Users\raque\.jdks\corretto-11.0.15\bin\instrument.dll
0x00007ff8bcf30000 - 0x00007ff8bcf48000 	C:\Users\raque\.jdks\corretto-11.0.15\bin\zip.dll
0x00007ff8c61c0000 - 0x00007ff8c6904000 	C:\Windows\System32\SHELL32.dll
0x00007ff8c31e0000 - 0x00007ff8c3974000 	C:\Windows\SYSTEM32\windows.storage.dll
0x00007ff8c6df0000 - 0x00007ff8c7144000 	C:\Windows\System32\combase.dll
0x00007ff8c49b0000 - 0x00007ff8c49dc000 	C:\Windows\SYSTEM32\Wldp.dll
0x00007ff8c7900000 - 0x00007ff8c79ad000 	C:\Windows\System32\SHCORE.dll
0x00007ff8c6d70000 - 0x00007ff8c6dc5000 	C:\Windows\System32\shlwapi.dll
0x00007ff8c5040000 - 0x00007ff8c505f000 	C:\Windows\SYSTEM32\profapi.dll
0x00007ff8baa70000 - 0x00007ff8baa89000 	C:\Users\raque\.jdks\corretto-11.0.15\bin\net.dll
0x00007ff8bb3c0000 - 0x00007ff8bb4ca000 	C:\Windows\SYSTEM32\WINHTTP.dll
0x00007ff8c4790000 - 0x00007ff8c47fa000 	C:\Windows\system32\mswsock.dll
0x00007ff8baa50000 - 0x00007ff8baa63000 	C:\Users\raque\.jdks\corretto-11.0.15\bin\nio.dll
0x00007ff8bad70000 - 0x00007ff8bad8a000 	S:\AppPrograming\IntelliJ\IntelliJ IDEA 2022.1.1\bin\breakgen64.dll
0x00007ff8c44e0000 - 0x00007ff8c45ab000 	C:\Windows\SYSTEM32\DNSAPI.dll
0x00007ff8c44a0000 - 0x00007ff8c44db000 	C:\Windows\SYSTEM32\IPHLPAPI.DLL
0x00007ff8c5b70000 - 0x00007ff8c5b78000 	C:\Windows\System32\NSI.dll
0x00007ff8ba0e0000 - 0x00007ff8ba0ea000 	C:\Windows\System32\rasadhlp.dll
0x00007ff8ba170000 - 0x00007ff8ba1f0000 	C:\Windows\System32\fwpuclnt.dll
0x00007ff8c5100000 - 0x00007ff8c5127000 	C:\Windows\System32\bcrypt.dll
0x00007ff8c1e20000 - 0x00007ff8c1e29000 	C:\Users\raque\.jdks\corretto-11.0.15\bin\management.dll
0x00007ff8bcf20000 - 0x00007ff8bcf2b000 	C:\Users\raque\.jdks\corretto-11.0.15\bin\management_ext.dll
0x00007ff8c49f0000 - 0x00007ff8c4a08000 	C:\Windows\SYSTEM32\CRYPTSP.dll
0x00007ff8c4130000 - 0x00007ff8c4164000 	C:\Windows\system32\rsaenh.dll
0x00007ff8c5000000 - 0x00007ff8c502e000 	C:\Windows\SYSTEM32\USERENV.dll
0x00007ff8c4920000 - 0x00007ff8c492c000 	C:\Windows\SYSTEM32\CRYPTBASE.dll
0x00007ff8beaf0000 - 0x00007ff8beb07000 	C:\Windows\SYSTEM32\dhcpcsvc6.DLL
0x00007ff8bead0000 - 0x00007ff8beaed000 	C:\Windows\SYSTEM32\dhcpcsvc.DLL
0x00007ff8ade20000 - 0x00007ff8ade37000 	C:\Windows\system32\napinsp.dll
0x00007ff8ac800000 - 0x00007ff8ac81b000 	C:\Windows\system32\pnrpnsp.dll
0x00007ff8ac7e0000 - 0x00007ff8ac7f5000 	C:\Windows\system32\wshbth.dll
0x00007ff8c0a60000 - 0x00007ff8c0a7d000 	C:\Windows\system32\NLAapi.dll
0x00007ff8ac7c0000 - 0x00007ff8ac7d2000 	C:\Windows\System32\winrnr.dll
0x00007ff8c0bc0000 - 0x00007ff8c0bce000 	C:\Users\raque\.jdks\corretto-11.0.15\bin\sunmscapi.dll
0x00007ff8c51e0000 - 0x00007ff8c5336000 	C:\Windows\System32\CRYPT32.dll
0x00007ff8c4ae0000 - 0x00007ff8c4b07000 	C:\Windows\SYSTEM32\ncrypt.dll
0x00007ff8c4aa0000 - 0x00007ff8c4adb000 	C:\Windows\SYSTEM32\NTASN1.dll
0x00007ff8ae9b0000 - 0x00007ff8ae9d5000 	C:\Users\raque\.jdks\corretto-11.0.15\bin\sunec.dll

dbghelp: loaded successfully - version: 4.0.5 - missing functions: none
symbol engine: initialized successfully - sym options: 0x614 - pdb path: .;C:\Users\raque\.jdks\corretto-11.0.15\bin;C:\Windows\SYSTEM32;C:\Windows\WinSxS\amd64_microsoft.windows.common-controls_6595b64144ccf1df_6.0.19041.1110_none_60b5254171f9507e;C:\Users\raque\.jdks\corretto-11.0.15\bin\server;S:\AppPrograming\IntelliJ\IntelliJ IDEA 2022.1.1\bin

VM Arguments:
jvm_args: -XX:TieredStopAtLevel=1 -Xverify:none -Dspring.output.ansi.enabled=always -Dcom.sun.management.jmxremote -Dspring.jmx.enabled=true -Dspring.liveBeansView.mbeanDomain -Dspring.application.admin.enabled=true -javaagent:S:\AppPrograming\IntelliJ\IntelliJ IDEA 2022.1.1\lib\idea_rt.jar=63627:S:\AppPrograming\IntelliJ\IntelliJ IDEA 2022.1.1\bin -Dfile.encoding=UTF-8 
java_command: com.co.ias.Handyman.HandymanApplication
java_class_path (initial): S:\IASsemillero\Handyman\build\classes\java\main;S:\IASsemillero\Handyman\build\resources\main;C:\Users\raque\.gradle\caches\modules-2\files-2.1\org.springframework.boot\spring-boot-starter-web\2.6.7\d877d6b14397f0c4b3a1611149a37eaf47f32195\spring-boot-starter-web-2.6.7.jar;C:\Users\raque\.gradle\caches\modules-2\files-2.1\org.apache.commons\commons-lang3\3.12.0\c6842c86792ff03b9f1d1fe2aab8dc23aa6c6f0e\commons-lang3-3.12.0.jar;C:\Users\raque\.gradle\caches\modules-2\files-2.1\org.springframework.boot\spring-boot-starter-data-jpa\2.6.7\c67c8556deb506677da64cac10c6e4edcff41847\spring-boot-starter-data-jpa-2.6.7.jar;C:\Users\raque\.gradle\caches\modules-2\files-2.1\com.zaxxer\HikariCP\5.0.1\a74c7f0a37046846e88d54f7cb6ea6d565c65f9c\HikariCP-5.0.1.jar;C:\Users\raque\.gradle\caches\modules-2\files-2.1\org.postgresql\postgresql\42.3.3\6f639af368afda4c5a3e77a6299262c501e67076\postgresql-42.3.3.jar;C:\Users\raque\.gradle\caches\modules-2\files-2.1\org.springframework.boot\spring-boot-starter-json\2.6.7\6f50e3003a0fff41ff571d52041146a19010761c\spring-boot-starter-json-2.6.7.jar;C:\Users\raque\.gradle\caches\modules-2\files-2.1\org.springframework.boot\spring-boot-starter\2.6.7\59bd62cd60e6e7bb2a525931947c13548b207288\spring-boot-starter-2.6.7.jar;C:\Users\raque\.gradle\caches\modules-2\files-2.1\org.springframework.boot\spring-boot-starter-tomcat\2.6.7\22b09d173a3ca971e2f344229c13a105695ee45c\spring-boot-starter-tomcat-2.6.7.jar;C:\Users\raque\.gradle\caches\modules-2\files-2.1\org.springframework\spring-webmvc\5.3.19\ba2fc03a3bcc925458e1179ef88f5833fb1971d\spring-webmvc-5.3.19.jar;C:\Users\raque\.gradle\caches\modules-2\files-2.1\org.springframework\spring-web\5.3.19\cdffc649d28d360d5891244e45277aa135ac647d\spring-web-5.3.19.jar;C:\Users\raque\.gradle\caches\modules-2\files-2.1\org.springframework.boot\spring-boot-starter-jdbc\2.6.7\59b45ed0a157283ecbdf76fc30805a80aae6cfb7\spring-boot-starter-jdbc-2.6.7.jar;C:\Users\raque\.gradle\caches\modules-2
Launcher Type: SUN_STANDARD

[Global flags]
     bool BytecodeVerificationLocal                = false                                     {product} {command line}
     bool BytecodeVerificationRemote               = false                                     {product} {command line}
     intx CICompilerCount                          = 3                                         {product} {ergonomic}
     uint ConcGCThreads                            = 1                                         {product} {ergonomic}
     uint G1ConcRefinementThreads                  = 4                                         {product} {ergonomic}
   size_t G1HeapRegionSize                         = 1048576                                   {product} {ergonomic}
    uintx GCDrainStackTargetSize                   = 64                                        {product} {ergonomic}
   size_t InitialHeapSize                          = 234881024                                 {product} {ergonomic}
     bool ManagementServer                         = true                                      {product} {command line}
   size_t MarkStackSize                            = 4194304                                   {product} {ergonomic}
   size_t MaxHeapSize                              = 3741319168                                {product} {ergonomic}
   size_t MaxNewSize                               = 2243952640                                {product} {ergonomic}
   size_t MinHeapDeltaBytes                        = 1048576                                   {product} {ergonomic}
    uintx NonNMethodCodeHeapSize                   = 6973028                                {pd product} {ergonomic}
    uintx NonProfiledCodeHeapSize                  = 244685212                              {pd product} {ergonomic}
    uintx ProfiledCodeHeapSize                     = 0                                      {pd product} {ergonomic}
    uintx ReservedCodeCacheSize                    = 251658240                              {pd product} {ergonomic}
     bool SegmentedCodeCache                       = true                                      {product} {ergonomic}
     intx TieredStopAtLevel                        = 1                                         {product} {command line}
     bool UseCompressedClassPointers               = true                                 {lp64_product} {ergonomic}
     bool UseCompressedOops                        = true                                 {lp64_product} {ergonomic}
     bool UseG1GC                                  = true                                      {product} {ergonomic}
     bool UseLargePagesIndividualAllocation        = false                                  {pd product} {ergonomic}

Logging:
Log output configuration:
 #0: stdout all=warning uptime,level,tags
 #1: stderr all=off uptime,level,tags

Environment Variables:
JAVA_HOME=S:\JAVA\jdk17
PATH=C:\Program Files (x86)\Common Files\Oracle\Java\javapath;C:\Python310\Scripts\;C:\Python310\;C:\Program Files\Python39\Scripts\;C:\Program Files\Python39\;C:\Windows\system32;C:\Windows;C:\Windows\System32\Wbem;C:\Windows\System32\WindowsPowerShell\v1.0\;C:\Windows\System32\OpenSSH\;S:\AppPrograming\xampp\php;C:\ProgramData\ComposerSetup\bin;C:\ProgramData\chocolatey\bin;S:\AppPrograming\Node\;C:\Program Files\MongoDB\Server\5.0\bin;S:\MongoDB\mongosh-1.3.0-win32-x64\bin;;C:\Program Files\Docker\Docker\resources\bin;C:\ProgramData\DockerDesktop\version-bin;C:\Users\raque\AppData\Local\Microsoft\WindowsApps;S:\AppPrograming\xampp\php;E:\Programas E\Git\Git\cmd;C:\Users\raque\AppData\Local\GitHubDesktop\bin;C:\Users\raque\spicetify-cli;C:\Users\raque\AppData\Roaming\npm;S:\AppPrograming\VSCode\Microsoft VS Code\bin
USERNAME=raque
OS=Windows_NT
PROCESSOR_IDENTIFIER=AMD64 Family 23 Model 24 Stepping 1, AuthenticAMD



---------------  S Y S T E M  ---------------

OS: Windows 10 , 64 bit Build 19041 (10.0.19041.1706)
OS uptime: 4 days 15:34 hours
Hyper-V role detected

CPU:total 4 (initial active 4) (4 cores per cpu, 1 threads per core) family 23 model 24 stepping 1 microcode 0x0, cmov, cx8, fxsr, mmx, sse, sse2, sse3, ssse3, sse4.1, sse4.2, popcnt, avx, avx2, aes, clmul, mmxext, 3dnowpref, lzcnt, sse4a, tsc, tscinvbit, tscinv, bmi1, bmi2, adx, sha, fma

Memory: 4k page, system-wide physical 14270M (1746M free)
TotalPageFile size 14270M (AvailPageFile size 2M)
current process WorkingSet (physical memory assigned to process): 229M, peak: 229M
current process commit charge ("private bytes"): 404M, peak: 405M

vm_info: OpenJDK 64-Bit Server VM (11.0.15+9-LTS) for windows-amd64 JRE (11.0.15+9-LTS), built on Apr 15 2022 22:20:31 by "Administrator" with unknown MS VC++:1916

END.
